This is pdfTeX, Version 3.14159265-2.6-1.40.19 (TeX Live 2018/Arch Linux) (preloaded format=pdflatex 2019.4.26)  4 JUN 2019 14:47
entering extended mode
 restricted \write18 enabled.
 %&-line parsing enabled.
**Fisicastatistica.tex
(./Fisicastatistica.tex
LaTeX2e <2018-12-01>
(/usr/share/texmf-dist/tex/latex/base/report.cls
Document Class: report 2018/09/03 v1.4i Standard LaTeX document class
(/usr/share/texmf-dist/tex/latex/base/size10.clo
File: size10.clo 2018/09/03 v1.4i Standard LaTeX file (size option)
)
\c@part=\count80
\c@chapter=\count81
\c@section=\count82
\c@subsection=\count83
\c@subsubsection=\count84
\c@paragraph=\count85
\c@subparagraph=\count86
\c@figure=\count87
\c@table=\count88
\abovecaptionskip=\skip41
\belowcaptionskip=\skip42
\bibindent=\dimen102
)
(/usr/share/texmf-dist/tex/latex/base/inputenc.sty
Package: inputenc 2018/08/11 v1.3c Input encoding file
\inpenc@prehook=\toks14
\inpenc@posthook=\toks15
)
(/usr/share/texmf-dist/tex/generic/babel/babel.sty
Package: babel 2018/11/13 3.27 The Babel package

(/usr/share/texmf-dist/tex/generic/babel/switch.def
File: switch.def 2018/11/13 3.27 Babel switching mechanism
)
(/usr/share/texmf-dist/tex/generic/babel-italian/italian.ldf
Language: italian 2019/01/05 v.1.4.01 Italian support for the babel system

(/usr/share/texmf-dist/tex/generic/babel/babel.def
File: babel.def 2018/11/13 3.27 Babel common definitions
\babel@savecnt=\count89
\U@D=\dimen103

(/usr/share/texmf-dist/tex/generic/babel/txtbabel.def)
\bbl@dirlevel=\count90
)
\it@lettering=\count91
\it@doublequoteactive=\count92
\it@ISOcompliance=\count93
))
(/usr/share/texmf-dist/tex/latex/etoolbox/etoolbox.sty
Package: etoolbox 2018/08/19 v2.5f e-TeX tools for LaTeX (JAW)
\etb@tempcnta=\count94
)
(/usr/share/texmf-dist/tex/latex/amsmath/amsmath.sty
Package: amsmath 2018/12/01 v2.17b AMS math features
\@mathmargin=\skip43

For additional information on amsmath, use the `?' option.
(/usr/share/texmf-dist/tex/latex/amsmath/amstext.sty
Package: amstext 2000/06/29 v2.01 AMS text

(/usr/share/texmf-dist/tex/latex/amsmath/amsgen.sty
File: amsgen.sty 1999/11/30 v2.0 generic functions
\@emptytoks=\toks16
\ex@=\dimen104
))
(/usr/share/texmf-dist/tex/latex/amsmath/amsbsy.sty
Package: amsbsy 1999/11/29 v1.2d Bold Symbols
\pmbraise@=\dimen105
)
(/usr/share/texmf-dist/tex/latex/amsmath/amsopn.sty
Package: amsopn 2016/03/08 v2.02 operator names
)
\inf@bad=\count95
LaTeX Info: Redefining \frac on input line 223.
\uproot@=\count96
\leftroot@=\count97
LaTeX Info: Redefining \overline on input line 385.
\classnum@=\count98
\DOTSCASE@=\count99
LaTeX Info: Redefining \ldots on input line 482.
LaTeX Info: Redefining \dots on input line 485.
LaTeX Info: Redefining \cdots on input line 606.
\Mathstrutbox@=\box27
\strutbox@=\box28
\big@size=\dimen106
LaTeX Font Info:    Redeclaring font encoding OML on input line 729.
LaTeX Font Info:    Redeclaring font encoding OMS on input line 730.
\macc@depth=\count100
\c@MaxMatrixCols=\count101
\dotsspace@=\muskip10
\c@parentequation=\count102
\dspbrk@lvl=\count103
\tag@help=\toks17
\row@=\count104
\column@=\count105
\maxfields@=\count106
\andhelp@=\toks18
\eqnshift@=\dimen107
\alignsep@=\dimen108
\tagshift@=\dimen109
\tagwidth@=\dimen110
\totwidth@=\dimen111
\lineht@=\dimen112
\@envbody=\toks19
\multlinegap=\skip44
\multlinetaggap=\skip45
\mathdisplay@stack=\toks20
LaTeX Info: Redefining \[ on input line 2844.
LaTeX Info: Redefining \] on input line 2845.
)
(/usr/share/texmf-dist/tex/latex/amsfonts/amsfonts.sty
Package: amsfonts 2013/01/14 v3.01 Basic AMSFonts support
\symAMSa=\mathgroup4
\symAMSb=\mathgroup5
LaTeX Font Info:    Overwriting math alphabet `\mathfrak' in version `bold'
(Font)                  U/euf/m/n --> U/euf/b/n on input line 106.
)
(/usr/share/texmf-dist/tex/latex/amsfonts/amssymb.sty
Package: amssymb 2013/01/14 v3.01 AMS font symbols
)
(/usr/share/texmf-dist/tex/latex/amscls/amsthm.sty
Package: amsthm 2017/10/31 v2.20.4
\thm@style=\toks21
\thm@bodyfont=\toks22
\thm@headfont=\toks23
\thm@notefont=\toks24
\thm@headpunct=\toks25
\thm@preskip=\skip46
\thm@postskip=\skip47
\thm@headsep=\skip48
\dth@everypar=\toks26
)
(/usr/share/texmf-dist/tex/latex/hyperref/hyperref.sty
Package: hyperref 2018/11/30 v6.88e Hypertext links for LaTeX

(/usr/share/texmf-dist/tex/generic/oberdiek/hobsub-hyperref.sty
Package: hobsub-hyperref 2016/05/16 v1.14 Bundle oberdiek, subset hyperref (HO)


(/usr/share/texmf-dist/tex/generic/oberdiek/hobsub-generic.sty
Package: hobsub-generic 2016/05/16 v1.14 Bundle oberdiek, subset generic (HO)
Package: hobsub 2016/05/16 v1.14 Construct package bundles (HO)
Package: infwarerr 2016/05/16 v1.4 Providing info/warning/error messages (HO)
Package: ltxcmds 2016/05/16 v1.23 LaTeX kernel commands for general use (HO)
Package: ifluatex 2016/05/16 v1.4 Provides the ifluatex switch (HO)
Package ifluatex Info: LuaTeX not detected.
Package: ifvtex 2016/05/16 v1.6 Detect VTeX and its facilities (HO)
Package ifvtex Info: VTeX not detected.
Package: intcalc 2016/05/16 v1.2 Expandable calculations with integers (HO)
Package: ifpdf 2018/09/07 v3.3 Provides the ifpdf switch
Package: etexcmds 2016/05/16 v1.6 Avoid name clashes with e-TeX commands (HO)
Package etexcmds Info: Could not find \expanded.
(etexcmds)             That can mean that you are not using pdfTeX 1.50 or
(etexcmds)             that some package has redefined \expanded.
(etexcmds)             In the latter case, load this package earlier.
Package: kvsetkeys 2016/05/16 v1.17 Key value parser (HO)
Package: kvdefinekeys 2016/05/16 v1.4 Define keys (HO)
Package: pdftexcmds 2018/09/10 v0.29 Utility functions of pdfTeX for LuaTeX (HO
)
Package pdftexcmds Info: LuaTeX not detected.
Package pdftexcmds Info: \pdf@primitive is available.
Package pdftexcmds Info: \pdf@ifprimitive is available.
Package pdftexcmds Info: \pdfdraftmode found.
Package: pdfescape 2016/05/16 v1.14 Implements pdfTeX's escape features (HO)
Package: bigintcalc 2016/05/16 v1.4 Expandable calculations on big integers (HO
)
Package: bitset 2016/05/16 v1.2 Handle bit-vector datatype (HO)
Package: uniquecounter 2016/05/16 v1.3 Provide unlimited unique counter (HO)
)
Package hobsub Info: Skipping package `hobsub' (already loaded).
Package: letltxmacro 2016/05/16 v1.5 Let assignment for LaTeX macros (HO)
Package: hopatch 2016/05/16 v1.3 Wrapper for package hooks (HO)
Package: xcolor-patch 2016/05/16 xcolor patch
Package: atveryend 2016/05/16 v1.9 Hooks at the very end of document (HO)
Package: atbegshi 2016/06/09 v1.18 At begin shipout hook (HO)
Package: refcount 2016/05/16 v3.5 Data extraction from label references (HO)
Package: hycolor 2016/05/16 v1.8 Color options for hyperref/bookmark (HO)
)
(/usr/share/texmf-dist/tex/latex/graphics/keyval.sty
Package: keyval 2014/10/28 v1.15 key=value parser (DPC)
\KV@toks@=\toks27
)
(/usr/share/texmf-dist/tex/generic/ifxetex/ifxetex.sty
Package: ifxetex 2010/09/12 v0.6 Provides ifxetex conditional
)
(/usr/share/texmf-dist/tex/latex/oberdiek/auxhook.sty
Package: auxhook 2016/05/16 v1.4 Hooks for auxiliary files (HO)
)
(/usr/share/texmf-dist/tex/latex/oberdiek/kvoptions.sty
Package: kvoptions 2016/05/16 v3.12 Key value format for package options (HO)
)
\@linkdim=\dimen113
\Hy@linkcounter=\count107
\Hy@pagecounter=\count108

(/usr/share/texmf-dist/tex/latex/hyperref/pd1enc.def
File: pd1enc.def 2018/11/30 v6.88e Hyperref: PDFDocEncoding definition (HO)
Now handling font encoding PD1 ...
... no UTF-8 mapping file for font encoding PD1
)
\Hy@SavedSpaceFactor=\count109

(/usr/share/texmf-dist/tex/latex/latexconfig/hyperref.cfg
File: hyperref.cfg 2002/06/06 v1.2 hyperref configuration of TeXLive
)
Package hyperref Info: Hyper figures OFF on input line 4519.
Package hyperref Info: Link nesting OFF on input line 4524.
Package hyperref Info: Hyper index ON on input line 4527.
Package hyperref Info: Plain pages OFF on input line 4534.
Package hyperref Info: Backreferencing ON on input line 4537.
Package hyperref Info: Implicit mode ON; LaTeX internals redefined.
Package hyperref Info: Bookmarks ON on input line 4772.

(/usr/share/texmf-dist/tex/latex/hyperref/backref.sty
Package: backref 2016/05/21 v1.39 Bibliographical back referencing

(/usr/share/texmf-dist/tex/latex/oberdiek/rerunfilecheck.sty
Package: rerunfilecheck 2016/05/16 v1.8 Rerun checks for auxiliary files (HO)
Package uniquecounter Info: New unique counter `rerunfilecheck' on input line 2
82.
))
\c@Hy@tempcnt=\count110

(/usr/share/texmf-dist/tex/latex/url/url.sty
\Urlmuskip=\muskip11
Package: url 2013/09/16  ver 3.4  Verb mode for urls, etc.
)
LaTeX Info: Redefining \url on input line 5125.
\XeTeXLinkMargin=\dimen114
\Fld@menulength=\count111
\Field@Width=\dimen115
\Fld@charsize=\dimen116
Package hyperref Info: Hyper figures OFF on input line 6380.
Package hyperref Info: Link nesting OFF on input line 6385.
Package hyperref Info: Hyper index ON on input line 6388.
Package hyperref Info: backreferencing ON on input line 6393.
Package hyperref Info: Link coloring OFF on input line 6400.
Package hyperref Info: Link coloring with OCG OFF on input line 6405.
Package hyperref Info: PDF/A mode OFF on input line 6410.
LaTeX Info: Redefining \ref on input line 6450.
LaTeX Info: Redefining \pageref on input line 6454.
\Hy@abspage=\count112
\c@Item=\count113
\c@Hfootnote=\count114
)
Package hyperref Info: Driver (autodetected): hpdftex.

(/usr/share/texmf-dist/tex/latex/hyperref/hpdftex.def
File: hpdftex.def 2018/11/30 v6.88e Hyperref driver for pdfTeX
\Fld@listcount=\count115
\c@bookmark@seq@number=\count116
\Hy@SectionHShift=\skip49
)
(/usr/share/texmf-dist/tex/latex/graphics/graphicx.sty
Package: graphicx 2017/06/01 v1.1a Enhanced LaTeX Graphics (DPC,SPQR)

(/usr/share/texmf-dist/tex/latex/graphics/graphics.sty
Package: graphics 2017/06/25 v1.2c Standard LaTeX Graphics (DPC,SPQR)

(/usr/share/texmf-dist/tex/latex/graphics/trig.sty
Package: trig 2016/01/03 v1.10 sin cos tan (DPC)
)
(/usr/share/texmf-dist/tex/latex/graphics-cfg/graphics.cfg
File: graphics.cfg 2016/06/04 v1.11 sample graphics configuration
)
Package graphics Info: Driver file: pdftex.def on input line 99.

(/usr/share/texmf-dist/tex/latex/graphics-def/pdftex.def
File: pdftex.def 2018/01/08 v1.0l Graphics/color driver for pdftex
))
\Gin@req@height=\dimen117
\Gin@req@width=\dimen118
)
(/usr/share/texmf-dist/tex/latex/oberdiek/epstopdf.sty
Package: epstopdf 2016/05/15 v2.6 Conversion with epstopdf on the fly (HO)

(/usr/share/texmf-dist/tex/latex/oberdiek/epstopdf-base.sty
Package: epstopdf-base 2016/05/15 v2.6 Base part for package epstopdf

(/usr/share/texmf-dist/tex/latex/oberdiek/grfext.sty
Package: grfext 2016/05/16 v1.2 Manage graphics extensions (HO)
)
Package epstopdf-base Info: Redefining graphics rule for `.eps' on input line 4
38.
Package grfext Info: Graphics extension search list:
(grfext)             [.pdf,.png,.jpg,.mps,.jpeg,.jbig2,.jb2,.PDF,.PNG,.JPG,.JPE
G,.JBIG2,.JB2,.eps]
(grfext)             \AppendGraphicsExtensions on input line 456.

(/usr/share/texmf-dist/tex/latex/latexconfig/epstopdf-sys.cfg
File: epstopdf-sys.cfg 2010/07/13 v1.3 Configuration of (r)epstopdf for TeX Liv
e
)))
(/usr/share/texmf-dist/tex/latex/base/latexsym.sty
Package: latexsym 1998/08/17 v2.2e Standard LaTeX package (lasy symbols)
\symlasy=\mathgroup6
LaTeX Font Info:    Overwriting symbol font `lasy' in version `bold'
(Font)                  U/lasy/m/n --> U/lasy/b/n on input line 52.
)
(/usr/share/texmf-dist/tex/latex/preprint/fullpage.sty
Package: fullpage 1999/02/23 1.1 (PWD)
\FP@margin=\skip50
)
(/usr/share/texmf-dist/tex/latex/quoting/quoting.sty
Package: quoting 2014/01/28 v0.1c Consolidated environment for displayed text
\quo@toppartop=\skip51
)
(/usr/share/texmf-dist/tex/latex/booktabs/booktabs.sty
Package: booktabs 2016/04/27 v1.618033 publication quality tables
\heavyrulewidth=\dimen119
\lightrulewidth=\dimen120
\cmidrulewidth=\dimen121
\belowrulesep=\dimen122
\belowbottomsep=\dimen123
\aboverulesep=\dimen124
\abovetopsep=\dimen125
\cmidrulesep=\dimen126
\cmidrulekern=\dimen127
\defaultaddspace=\dimen128
\@cmidla=\count117
\@cmidlb=\count118
\@aboverulesep=\dimen129
\@belowrulesep=\dimen130
\@thisruleclass=\count119
\@lastruleclass=\count120
\@thisrulewidth=\dimen131
)
(/usr/share/texmf-dist/tex/latex/caption/caption.sty
Package: caption 2018/10/06 v3.3-154 Customizing captions (AR)

(/usr/share/texmf-dist/tex/latex/caption/caption3.sty
Package: caption3 2018/09/12 v1.8c caption3 kernel (AR)
Package caption3 Info: TeX engine: e-TeX on input line 64.
\captionmargin=\dimen132
\captionmargin@=\dimen133
\captionwidth=\dimen134
\caption@tempdima=\dimen135
\caption@indent=\dimen136
\caption@parindent=\dimen137
\caption@hangindent=\dimen138
)
\c@caption@flags=\count121
\c@ContinuedFloat=\count122
Package caption Info: hyperref package is loaded.
)
\c@thm=\count123
\c@dfn=\count124
\c@exm=\count125
 (./Fisicastatistica.aux)
\openout1 = `Fisicastatistica.aux'.

LaTeX Font Info:    Checking defaults for OML/cmm/m/it on input line 37.
LaTeX Font Info:    ... okay on input line 37.
LaTeX Font Info:    Checking defaults for T1/cmr/m/n on input line 37.
LaTeX Font Info:    ... okay on input line 37.
LaTeX Font Info:    Checking defaults for OT1/cmr/m/n on input line 37.
LaTeX Font Info:    ... okay on input line 37.
LaTeX Font Info:    Checking defaults for OMS/cmsy/m/n on input line 37.
LaTeX Font Info:    ... okay on input line 37.
LaTeX Font Info:    Checking defaults for OMX/cmex/m/n on input line 37.
LaTeX Font Info:    ... okay on input line 37.
LaTeX Font Info:    Checking defaults for U/cmr/m/n on input line 37.
LaTeX Font Info:    ... okay on input line 37.
LaTeX Font Info:    Checking defaults for PD1/pdf/m/n on input line 37.
LaTeX Font Info:    ... okay on input line 37.
LaTeX Info: Redefining \it@ocap on input line 37.
LaTeX Info: Redefining \it@ccap on input line 37.


File italian.ldf warning: 
italian.ldf    With OT1 encoding guillemets are poorly faked
italian.ldf    Use T1 encoding
italian.ldf    or specify a font with command \CaporaliFrom
italian.ldf    See the documentation concerning the babel-italian typesetting 
italian.ldf    on input line 37.

\AtBeginShipoutBox=\box29
Package hyperref Info: Link coloring OFF on input line 37.
(/usr/share/texmf-dist/tex/latex/hyperref/nameref.sty
Package: nameref 2016/05/21 v2.44 Cross-referencing by name of section

(/usr/share/texmf-dist/tex/generic/oberdiek/gettitlestring.sty
Package: gettitlestring 2016/05/16 v1.5 Cleanup title references (HO)
)
\c@section@level=\count126
)
LaTeX Info: Redefining \ref on input line 37.
LaTeX Info: Redefining \pageref on input line 37.
LaTeX Info: Redefining \nameref on input line 37.

(./Fisicastatistica.out) (./Fisicastatistica.out)
\@outlinefile=\write3
\openout3 = `Fisicastatistica.out'.


(/usr/share/texmf-dist/tex/context/base/mkii/supp-pdf.mkii
[Loading MPS to PDF converter (version 2006.09.02).]
\scratchcounter=\count127
\scratchdimen=\dimen139
\scratchbox=\box30
\nofMPsegments=\count128
\nofMParguments=\count129
\everyMPshowfont=\toks28
\MPscratchCnt=\count130
\MPscratchDim=\dimen140
\MPnumerator=\count131
\makeMPintoPDFobject=\count132
\everyMPtoPDFconversion=\toks29
)
Package caption Info: Begin \AtBeginDocument code.
Package caption Info: End \AtBeginDocument code.
<Addons/eigenLibrichiaro.png, id=305, 482.0409pt x 240.6591pt>
File: Addons/eigenLibrichiaro.png Graphic file (type png)
<use Addons/eigenLibrichiaro.png>
Package pdftex.def Info: Addons/eigenLibrichiaro.png  used on input line 44.
(pdftex.def)             Requested size: 250.0pt x 124.81296pt.
<Addons/eigenlabinvertito2.png, id=307, 298.716pt x 210.5466pt>
File: Addons/eigenlabinvertito2.png Graphic file (type png)
<use Addons/eigenlabinvertito2.png>
Package pdftex.def Info: Addons/eigenlabinvertito2.png  used on input line 48.
(pdftex.def)             Requested size: 250.0pt x 176.2154pt.
LaTeX Font Info:    Try loading font information for U+msa on input line 49.
 (/usr/share/texmf-dist/tex/latex/amsfonts/umsa.fd
File: umsa.fd 2013/01/14 v3.01 AMS symbols A
)
LaTeX Font Info:    Try loading font information for U+msb on input line 49.

(/usr/share/texmf-dist/tex/latex/amsfonts/umsb.fd
File: umsb.fd 2013/01/14 v3.01 AMS symbols B
)
LaTeX Font Info:    Try loading font information for U+lasy on input line 49.

(/usr/share/texmf-dist/tex/latex/base/ulasy.fd
File: ulasy.fd 1998/08/17 v2.2e LaTeX symbol font definitions
) [1

{/var/lib/texmf/fonts/map/pdftex/updmap/pdftex.map} <./Addons/eigenLibrichiaro.
png> <./Addons/eigenlabinvertito2.png>]
<Addons/88x31.png, id=320, 88.33pt x 31.11626pt>
File: Addons/88x31.png Graphic file (type png)
<use Addons/88x31.png>
Package pdftex.def Info: Addons/88x31.png  used on input line 61.
(pdftex.def)             Requested size: 88.32977pt x 31.11617pt.
LaTeX Font Info:    Try loading font information for OMS+cmr on input line 64.
 (/usr/share/texmf-dist/tex/latex/base/omscmr.fd
File: omscmr.fd 2014/09/29 v2.5h Standard LaTeX font definitions
)
LaTeX Font Info:    Font shape `OMS/cmr/m/n' in size <10> not available
(Font)              Font shape `OMS/cmsy/m/n' tried instead on input line 64.

Underfull \hbox (badness 10000) in paragraph at lines 72--73

 []

pdfTeX warning (ext4): destination with the same identifier (name{page.1}) has 
been already used, duplicate ignored
<to be read again> 
                   \relax 
l.86 
      [1 <./Addons/88x31.png>] (./Fisicastatistica.toc [2

])
\tf@toc=\write4
\openout4 = `Fisicastatistica.toc'.

 [3]
Capitolo 1.
[4

] [5] [6] [7] [8] [9] [10] [11]
Capitolo 2.
[12

] [13] [14]
Underfull \hbox (badness 10000) in paragraph at lines 560--564

 []

[15] [16] [17] [18] [19] [20]
Underfull \hbox (badness 10000) in paragraph at lines 831--836

 []

[21]
Capitolo 3.
LaTeX Font Info:    Font shape `U/lasy/b/n' in size <7> not available
(Font)              Font shape `U/lasy/m/n' tried instead on input line 862.
LaTeX Font Info:    Font shape `U/lasy/b/n' in size <5> not available
(Font)              Font shape `U/lasy/m/n' tried instead on input line 862.
[22

] [23] [24]
<Addons/g32.png, id=672, 361.35pt x 226.8475pt>
File: Addons/g32.png Graphic file (type png)
<use Addons/g32.png>
Package pdftex.def Info: Addons/g32.png  used on input line 997.
(pdftex.def)             Requested size: 300.0pt x 188.33528pt.
 [25 <./Addons/g32.png (PNG copy)>]
<Addons/eq.png, id=686, 361.35pt x 245.91875pt>
File: Addons/eq.png Graphic file (type png)
<use Addons/eq.png>
Package pdftex.def Info: Addons/eq.png  used on input line 1024.
(pdftex.def)             Requested size: 300.0pt x 204.16878pt.
<Addons/somma.png, id=687, 361.35pt x 245.91875pt>
File: Addons/somma.png Graphic file (type png)
<use Addons/somma.png>
Package pdftex.def Info: Addons/somma.png  used on input line 1032.
(pdftex.def)             Requested size: 300.0pt x 204.16878pt.


LaTeX Warning: `h' float specifier changed to `ht'.

[26

 <./Addons/eq.png (PNG copy)>]
\gptboxheight=\skip52
\gptboxwidth=\skip53
\gptboxtext=\box31
Package epstopdf Info: Source file: <Addons/condensatefraction.eps>
(epstopdf)                    date: 2015-07-21 17:12:08
(epstopdf)                    size: 17870 bytes
(epstopdf)             Output file: <Addons/condensatefraction-eps-converted-to
.pdf>
(epstopdf)                    date: 2015-07-21 17:12:45
(epstopdf)                    size: 3021 bytes
(epstopdf)             Command: <repstopdf --outfile=Addons/condensatefraction-
eps-converted-to.pdf Addons/condensatefraction.eps>
(epstopdf)             \includegraphics on input line 1157.
Package epstopdf Info: Output file is already uptodate.
<Addons/condensatefraction-eps-converted-to.pdf, id=697, 361.35pt x 252.945pt>
File: Addons/condensatefraction-eps-converted-to.pdf Graphic file (type pdf)
<use Addons/condensatefraction-eps-converted-to.pdf>
Package pdftex.def Info: Addons/condensatefraction-eps-converted-to.pdf  used o
n input line 1157.
(pdftex.def)             Requested size: 361.34912pt x 252.94438pt.
 [27 <./Addons/somma.png (PNG copy)>]
Underfull \hbox (badness 10000) in paragraph at lines 1184--1188

 []

<Addons/pressure.png, id=707, 361.35pt x 248.93pt>
File: Addons/pressure.png Graphic file (type png)
<use Addons/pressure.png>
Package pdftex.def Info: Addons/pressure.png  used on input line 1203.
(pdftex.def)             Requested size: 300.0pt x 206.66881pt.

LaTeX Warning: `h' float specifier changed to `ht'.

[28 <./Addons/condensatefraction-eps-converted-to.pdf>] [29 <./Addons/pressure.
png (PNG copy)>]
<Addons/lambdatransition.png, id=723, 361.35pt x 260.975pt>
File: Addons/lambdatransition.png Graphic file (type png)
<use Addons/lambdatransition.png>
Package pdftex.def Info: Addons/lambdatransition.png  used on input line 1278.
(pdftex.def)             Requested size: 300.0pt x 216.66893pt.


LaTeX Warning: `h' float specifier changed to `ht'.

[30] [31 <./Addons/lambdatransition.png (PNG copy)>]
<Addons/bosefunctions.png, id=743, 361.35pt x 260.975pt>
File: Addons/bosefunctions.png Graphic file (type png)
<use Addons/bosefunctions.png>
Package pdftex.def Info: Addons/bosefunctions.png  used on input line 1360.
(pdftex.def)             Requested size: 300.0pt x 216.66893pt.


LaTeX Warning: `h' float specifier changed to `ht'.

[32]

Package hyperref Warning: Token not allowed in a PDF string (PDFDocEncoding):
(hyperref)                removing `math shift' on input line 1393.


Package hyperref Warning: Token not allowed in a PDF string (PDFDocEncoding):
(hyperref)                removing `math shift' on input line 1393.

[33 <./Addons/bosefunctions.png (PNG copy)>]
<Addons/potentialwell.png, id=763, 361.35pt x 223.83624pt>
File: Addons/potentialwell.png Graphic file (type png)
<use Addons/potentialwell.png>
Package pdftex.def Info: Addons/potentialwell.png  used on input line 1421.
(pdftex.def)             Requested size: 300.0pt x 185.83527pt.


LaTeX Warning: `h' float specifier changed to `ht'.

[34] [35 <./Addons/potentialwell.png (PNG copy)>] [36]
Capitolo 4.
[37

] [38]
\plotpoint=\box32
 [39]
<Addons/fermilowtemperature.png, id=822, 355.3275pt x 354.32375pt>
File: Addons/fermilowtemperature.png Graphic file (type png)
<use Addons/fermilowtemperature.png>
Package pdftex.def Info: Addons/fermilowtemperature.png  used on input line 165
5.
(pdftex.def)             Requested size: 300.0pt x 299.15996pt.
 [40 <./Addons/fermilowtemperature.png>] [41] [42] [43] [44]
Underfull \hbox (badness 10000) in paragraph at lines 1867--1869

 []

[45]
Package epstopdf Info: Source file: <Addons/magnetizzazione.eps>
(epstopdf)                    date: 2015-07-21 18:53:38
(epstopdf)                    size: 20184 bytes
(epstopdf)             Output file: <Addons/magnetizzazione-eps-converted-to.pd
f>
(epstopdf)                    date: 2015-07-21 18:53:53
(epstopdf)                    size: 3889 bytes
(epstopdf)             Command: <repstopdf --outfile=Addons/magnetizzazione-eps
-converted-to.pdf Addons/magnetizzazione.eps>
(epstopdf)             \includegraphics on input line 2011.
Package epstopdf Info: Output file is already uptodate.
<Addons/magnetizzazione-eps-converted-to.pdf, id=890, 361.35pt x 252.945pt>
File: Addons/magnetizzazione-eps-converted-to.pdf Graphic file (type pdf)
<use Addons/magnetizzazione-eps-converted-to.pdf>
Package pdftex.def Info: Addons/magnetizzazione-eps-converted-to.pdf  used on i
nput line 2011.
(pdftex.def)             Requested size: 361.34912pt x 252.94438pt.
 [46]
Package epstopdf Info: Source file: <Addons/suscettivita.eps>
(epstopdf)                    date: 2015-07-21 19:14:06
(epstopdf)                    size: 18143 bytes
(epstopdf)             Output file: <Addons/suscettivita-eps-converted-to.pdf>
(epstopdf)                    date: 2015-07-21 19:21:08
(epstopdf)                    size: 2807 bytes
(epstopdf)             Command: <repstopdf --outfile=Addons/suscettivita-eps-co
nverted-to.pdf Addons/suscettivita.eps>
(epstopdf)             \includegraphics on input line 2128.
Package epstopdf Info: Output file is already uptodate.
<Addons/suscettivita-eps-converted-to.pdf, id=899, 361.35pt x 252.945pt>
File: Addons/suscettivita-eps-converted-to.pdf Graphic file (type pdf)
<use Addons/suscettivita-eps-converted-to.pdf>
Package pdftex.def Info: Addons/suscettivita-eps-converted-to.pdf  used on inpu
t line 2128.
(pdftex.def)             Requested size: 361.34912pt x 252.94438pt.
 [47 <./Addons/magnetizzazione-eps-converted-to.pdf> <./Addons/suscettivita-eps
-converted-to.pdf>] [48] [49]
Capitolo 5.

Underfull \hbox (badness 10000) in paragraph at lines 2210--2212

 []


Overfull \hbox (6.64398pt too wide) in paragraph at lines 2234--2236
\OT1/cmr/m/n/10 Le tran-si-zio-ni di fa-se del se-con-do or-di-ne so-no con-nes
-se con il fe-no-me-no del-la $[]$
 []

[50

] [51]
<Addons/autocons.png, id=953, 361.35pt x 211.79124pt>
File: Addons/autocons.png Graphic file (type png)
<use Addons/autocons.png>
Package pdftex.def Info: Addons/autocons.png  used on input line 2292.
(pdftex.def)             Requested size: 250.0pt x 146.52715pt.
 [52 <./Addons/autocons.png (PNG copy)>]
Package epstopdf Info: Source file: <Addons/landaufree.eps>
(epstopdf)                    date: 2015-07-23 14:55:17
(epstopdf)                    size: 19364 bytes
(epstopdf)             Output file: <Addons/landaufree-eps-converted-to.pdf>
(epstopdf)                    date: 2018-07-12 12:19:43
(epstopdf)                    size: 3717 bytes
(epstopdf)             Command: <repstopdf --outfile=Addons/landaufree-eps-conv
erted-to.pdf Addons/landaufree.eps>
(epstopdf)             \includegraphics on input line 2419.
Package epstopdf Info: Output file is already uptodate.
<Addons/landaufree-eps-converted-to.pdf, id=964, 361.35pt x 252.945pt>
File: Addons/landaufree-eps-converted-to.pdf Graphic file (type pdf)
<use Addons/landaufree-eps-converted-to.pdf>
Package pdftex.def Info: Addons/landaufree-eps-converted-to.pdf  used on input 
line 2419.
(pdftex.def)             Requested size: 361.34912pt x 252.94438pt.
 [53 <./Addons/landaufree-eps-converted-to.pdf>]
Underfull \hbox (badness 10000) in paragraph at lines 2453--2457

 []


Underfull \hbox (badness 10000) in paragraph at lines 2459--2461

 []

<Addons/fhnotzero.png, id=976, 361.35pt x 229.85875pt>
File: Addons/fhnotzero.png Graphic file (type png)
<use Addons/fhnotzero.png>
Package pdftex.def Info: Addons/fhnotzero.png  used on input line 2466.
(pdftex.def)             Requested size: 250.0pt x 159.02708pt.
<Addons/para.png, id=977, 361.35pt x 229.85875pt>
File: Addons/para.png Graphic file (type png)
<use Addons/para.png>
Package pdftex.def Info: Addons/para.png  used on input line 2475.
(pdftex.def)             Requested size: 250.0pt x 159.02708pt.
[54 <./Addons/fhnotzero.png (PNG copy)> <./Addons/para.png (PNG copy)>]
[55] [56]

LaTeX Warning: Reference `ch5_deltaij' on page 57 undefined on input line 2610.


[57]
Overfull \hbox (19.76482pt too wide) detected at line 2645
\OT1/cmr/m/n/10 ^^@(\OT1/cmr/bx/n/10 q\OT1/cmr/m/n/10 ) = [] = [][] \OML/cmm/m/
it/10 :
 []

[58]
Overfull \hbox (26.35023pt too wide) in paragraph at lines 2708--2709
\OT1/cmr/m/n/10 Introduciamo in-nan-zi-tut-to il con-cet-to di \OT1/cmr/m/it/10
 coarse-graining\OT1/cmr/m/n/10 . Con-si-de-ria-mo nel re-ti-co-lo una cel-let-
ta $\OML/cmm/m/it/10 d\OMS/cmsy/m/n/10 ^^@$\OT1/cmr/m/n/10 dimensionale
 []

[59] [60]

Package hyperref Warning: Token not allowed in a PDF string (PDFDocEncoding):
(hyperref)                removing `math shift' on input line 2769.


Package hyperref Warning: Token not allowed in a PDF string (PDFDocEncoding):
(hyperref)                removing `math shift' on input line 2769.

[61] [62] [63]
Underfull \hbox (badness 10000) in paragraph at lines 2898--2902

 []

[64] [65] [66]

Package hyperref Warning: Token not allowed in a PDF string (PDFDocEncoding):
(hyperref)                removing `math shift' on input line 3030.


Package hyperref Warning: Token not allowed in a PDF string (PDFDocEncoding):
(hyperref)                removing `superscript' on input line 3030.


Package hyperref Warning: Token not allowed in a PDF string (PDFDocEncoding):
(hyperref)                removing `math shift' on input line 3030.

[67] [68] [69] [70] [71]
Capitolo 6.

Overfull \hbox (9.78163pt too wide) in paragraph at lines 3266--3268
\OT1/cmr/m/n/10 Bisogna in que-sto ca-so me-dia-re sul-le im-pu-rit^^Ra al li-v
el-lo del-le os-ser-va-bi-li. Se $\OML/cmm/m/it/10 F\OT1/cmr/m/n/10 (\OMS/cmsy/
m/n/10 f\OML/cmm/m/it/10 m\OMS/cmsy/m/n/10 g\OT1/cmr/m/n/10 ) = \OMS/cmsy/m/n/1
0 ^^@\OML/cmm/m/it/10 kT [] \OMS/cmsy/m/n/10 Z\OT1/cmr/m/n/10 (\OMS/cmsy/m/n/10
 f\OML/cmm/m/it/10 m\OMS/cmsy/m/n/10 g\OT1/cmr/m/n/10 )$,
 []

[72

] [73]

Package hyperref Warning: Token not allowed in a PDF string (PDFDocEncoding):
(hyperref)                removing `math shift' on input line 3351.


Package hyperref Warning: Token not allowed in a PDF string (PDFDocEncoding):
(hyperref)                removing `math shift' on input line 3351.

[74] [75] [76]

Package hyperref Warning: Token not allowed in a PDF string (PDFDocEncoding):
(hyperref)                removing `math shift' on input line 3442.


Package hyperref Warning: Token not allowed in a PDF string (PDFDocEncoding):
(hyperref)                removing `math shift' on input line 3442.

[77]
Capitolo 7.
[78

] [79] [80]
Overfull \hbox (4.10997pt too wide) in paragraph at lines 3636--3638
\OT1/cmr/m/n/10 Dovremmo a que-sto pun-to cal-co-la-re la fun-zio-ne di cor-re-
la-zio-ne $\OML/cmm/m/it/10 C\OT1/cmr/m/n/10 (\OML/cmm/m/it/10 x\OT1/cmr/m/n/10
 ) = \OMS/cmsy/m/n/10 h\OML/cmm/m/it/10 ^^[[]^^[[]\OMS/cmsy/m/n/10 i$\OT1/cmr/m
/n/10 . Nel-la $[]$
 []

Package atveryend Info: Empty hook `BeforeClearDocument' on input line 3645.
[81]
Package atveryend Info: Empty hook `AfterLastShipout' on input line 3645.
 (./Fisicastatistica.aux)
Package atveryend Info: Executing hook `AtVeryEndDocument' on input line 3645.
Package atveryend Info: Executing hook `AtEndAfterFileList' on input line 3645.

Package rerunfilecheck Info: File `Fisicastatistica.out' has not changed.
(rerunfilecheck)             Checksum: 30DB06AF156F6B05E8C94C7BAB162289;5747.


LaTeX Warning: There were undefined references.

 ) 
Here is how much of TeX's memory you used:
 9209 strings out of 492616
 134289 string characters out of 6135177
 240458 words of memory out of 5000000
 12314 multiletter control sequences out of 15000+600000
 20054 words of font info for 81 fonts, out of 8000000 for 9000
 1141 hyphenation exceptions out of 8191
 36i,16n,39p,817b,485s stack positions out of 5000i,500n,10000p,200000b,80000s
</usr/share/texmf-dist/fonts/type1/public/amsfonts/cm/cmbx10.pfb></usr/share/
texmf-dist/fonts/type1/public/amsfonts/cm/cmbx12.pfb></usr/share/texmf-dist/fon
ts/type1/public/amsfonts/cm/cmbx5.pfb></usr/share/texmf-dist/fonts/type1/public
/amsfonts/cm/cmbx7.pfb></usr/share/texmf-dist/fonts/type1/public/amsfonts/cm/cm
ex10.pfb></usr/share/texmf-dist/fonts/type1/public/amsfonts/cmextra/cmex7.pfb><
/usr/share/texmf-dist/fonts/type1/public/amsfonts/cm/cmmi10.pfb></usr/share/tex
mf-dist/fonts/type1/public/amsfonts/cm/cmmi12.pfb></usr/share/texmf-dist/fonts/
type1/public/amsfonts/cm/cmmi5.pfb></usr/share/texmf-dist/fonts/type1/public/am
sfonts/cm/cmmi6.pfb></usr/share/texmf-dist/fonts/type1/public/amsfonts/cm/cmmi7
.pfb></usr/share/texmf-dist/fonts/type1/public/amsfonts/cm/cmmi8.pfb></usr/shar
e/texmf-dist/fonts/type1/public/amsfonts/cm/cmmi9.pfb></usr/share/texmf-dist/fo
nts/type1/public/amsfonts/cm/cmmib10.pfb></usr/share/texmf-dist/fonts/type1/pub
lic/amsfonts/cmextra/cmmib7.pfb></usr/share/texmf-dist/fonts/type1/public/amsfo
nts/cm/cmr10.pfb></usr/share/texmf-dist/fonts/type1/public/amsfonts/cm/cmr12.pf
b></usr/share/texmf-dist/fonts/type1/public/amsfonts/cm/cmr17.pfb></usr/share/t
exmf-dist/fonts/type1/public/amsfonts/cm/cmr5.pfb></usr/share/texmf-dist/fonts/
type1/public/amsfonts/cm/cmr6.pfb></usr/share/texmf-dist/fonts/type1/public/ams
fonts/cm/cmr7.pfb></usr/share/texmf-dist/fonts/type1/public/amsfonts/cm/cmr8.pf
b></usr/share/texmf-dist/fonts/type1/public/amsfonts/cm/cmr9.pfb></usr/share/te
xmf-dist/fonts/type1/public/amsfonts/cm/cmsy10.pfb></usr/share/texmf-dist/fonts
/type1/public/amsfonts/cm/cmsy5.pfb></usr/share/texmf-dist/fonts/type1/public/a
msfonts/cm/cmsy7.pfb></usr/share/texmf-dist/fonts/type1/public/amsfonts/cm/cmsy
8.pfb></usr/share/texmf-dist/fonts/type1/public/amsfonts/cm/cmti10.pfb></usr/sh
are/texmf-dist/fonts/type1/public/amsfonts/cm/cmtt10.pfb></usr/share/texmf-dist
/fonts/type1/public/amsfonts/symbols/msam10.pfb></usr/share/texmf-dist/fonts/ty
pe1/public/amsfonts/symbols/msbm10.pfb></usr/share/texmf-dist/fonts/type1/publi
c/amsfonts/symbols/msbm7.pfb>
Output written on Fisicastatistica.pdf (82 pages, 1060336 bytes).
PDF statistics:
 1535 PDF objects out of 1728 (max. 8388607)
 1383 compressed objects within 14 object streams
 642 named destinations out of 1000 (max. 500000)
 691 words of extra memory for PDF output out of 10000 (max. 10000000)

