\BOOKMARK [0][-]{chapter.1}{Gravit\340 e sistemi non inerziali}{}% 1
\BOOKMARK [1][-]{section.1.1}{Principio di equivalenza}{chapter.1}% 2
\BOOKMARK [1][-]{section.1.2}{Sistemi di riferimento non inerziali}{chapter.1}% 3
\BOOKMARK [1][-]{section.1.3}{Costruzione del formalismo}{chapter.1}% 4
\BOOKMARK [1][-]{section.1.4}{Derivate e differenziali covarianti}{chapter.1}% 5
\BOOKMARK [2][-]{subsection.1.4.1}{Trasporto parallelo}{section.1.4}% 6
\BOOKMARK [1][-]{section.1.5}{Equazione del moto per una particella puntiforme}{chapter.1}% 7
\BOOKMARK [0][-]{chapter.2}{Campi stazionari}{}% 8
\BOOKMARK [1][-]{section.2.1}{Red Shift Gravitazionale}{chapter.2}% 9
\BOOKMARK [1][-]{section.2.2}{Leggi di conservazione in metriche stazionarie}{chapter.2}% 10
\BOOKMARK [0][-]{chapter.3}{Tensore energia-impulso}{}% 11
\BOOKMARK [1][-]{section.3.1}{Derivazione formale}{chapter.3}% 12
\BOOKMARK [0][-]{chapter.4}{Equazioni del campo gravitazionale}{}% 13
\BOOKMARK [1][-]{section.4.1}{Tensore di Riemann}{chapter.4}% 14
\BOOKMARK [1][-]{section.4.2}{Equazione di Einstein}{chapter.4}% 15
\BOOKMARK [2][-]{subsection.4.2.1}{Derivazione tramite principio variazionale}{section.4.2}% 16
\BOOKMARK [1][-]{section.4.3}{Pseudotensore energia-impulso}{chapter.4}% 17
\BOOKMARK [1][-]{section.4.4}{Metrica di Schwartzschild}{chapter.4}% 18
\BOOKMARK [1][-]{section.4.5}{Moto di un corpo in metrica di Schwartzschild}{chapter.4}% 19
\BOOKMARK [1][-]{section.4.6}{Coordinate di Kruskal-Szekeres}{chapter.4}% 20
\BOOKMARK [1][-]{section.4.7}{Buchi neri rotanti}{chapter.4}% 21
\BOOKMARK [0][-]{chapter.5}{Radiazione gravitazionale}{}% 22
\BOOKMARK [1][-]{section.5.1}{Approssimazione lineare}{chapter.5}% 23
\BOOKMARK [1][-]{section.5.2}{Gauge armonica}{chapter.5}% 24
\BOOKMARK [1][-]{section.5.3}{Irraggiamento gravitazionale}{chapter.5}% 25
\BOOKMARK [1][-]{section.5.4}{Approssimazione di quadrupolo}{chapter.5}% 26
\BOOKMARK [0][-]{chapter.6}{Cosmologia}{}% 27
\BOOKMARK [1][-]{section.6.1}{Modelli cosmologici}{chapter.6}% 28
\BOOKMARK [2][-]{subsection.6.1.1}{Modello a curvatura positiva}{section.6.1}% 29
\BOOKMARK [2][-]{subsection.6.1.2}{Modello a curvatura negativa}{section.6.1}% 30
\BOOKMARK [2][-]{subsection.6.1.3}{Modello a curvatura zero}{section.6.1}% 31
\BOOKMARK [1][-]{section.6.2}{Legge di Hubble}{chapter.6}% 32
\BOOKMARK [1][-]{section.6.3}{Red Shift Cosmologico}{chapter.6}% 33
\BOOKMARK [1][-]{section.6.4}{Cosmologia moderna}{chapter.6}% 34
\BOOKMARK [2][-]{subsection.6.4.1}{Evoluzione dell'universo}{section.6.4}% 35
\BOOKMARK [2][-]{subsection.6.4.2}{Moto di oggetti non solidali}{section.6.4}% 36
\BOOKMARK [2][-]{subsection.6.4.3}{Effetti della costante cosmologica}{section.6.4}% 37
\BOOKMARK [2][-]{subsection.6.4.4}{Condizioni iniziali dell'universo e meccanismo dell'inflazione}{section.6.4}% 38
\BOOKMARK [2][-]{subsection.6.4.5}{Termodinamica dell'universo}{section.6.4}% 39
