This is pdfTeX, Version 3.14159265-2.6-1.40.19 (TeX Live 2018/Arch Linux) (preloaded format=pdflatex 2018.6.17)  12 JUL 2018 12:17
entering extended mode
 restricted \write18 enabled.
 %&-line parsing enabled.
**"Meccanica Quantistica.tex"
(./Meccanica Quantistica.tex
LaTeX2e <2018-04-01> patch level 2
Babel <3.18> and hyphenation patterns for 84 language(s) loaded.
(/usr/share/texmf-dist/tex/latex/base/report.cls
Document Class: report 2014/09/29 v1.4h Standard LaTeX document class
(/usr/share/texmf-dist/tex/latex/base/size10.clo
File: size10.clo 2014/09/29 v1.4h Standard LaTeX file (size option)
)
\c@part=\count80
\c@chapter=\count81
\c@section=\count82
\c@subsection=\count83
\c@subsubsection=\count84
\c@paragraph=\count85
\c@subparagraph=\count86
\c@figure=\count87
\c@table=\count88
\abovecaptionskip=\skip41
\belowcaptionskip=\skip42
\bibindent=\dimen102
)
(/usr/share/texmf-dist/tex/latex/base/inputenc.sty
Package: inputenc 2018/04/06 v1.3b Input encoding file
\inpenc@prehook=\toks14
\inpenc@posthook=\toks15
)
(/usr/share/texmf-dist/tex/generic/babel/babel.sty
Package: babel 2018/02/14 3.18 The Babel package

(/usr/share/texmf-dist/tex/generic/babel/switch.def
File: switch.def 2018/02/14 3.18 Babel switching mechanism
)
(/usr/share/texmf-dist/tex/generic/babel-italian/italian.ldf
Language: italian 2015/03/26 v1.3n Italian support from the babel system

(/usr/share/texmf-dist/tex/generic/babel/babel.def
File: babel.def 2018/02/14 3.18 Babel common definitions
\babel@savecnt=\count89
\U@D=\dimen103

(/usr/share/texmf-dist/tex/generic/babel/txtbabel.def)
\bbl@dirlevel=\count90
)
\it@lettering=\count91
\it@doublequoteactive=\count92
\it@ISOcompliance=\count93
))
(/usr/share/texmf-dist/tex/latex/etoolbox/etoolbox.sty
Package: etoolbox 2018/02/11 v2.5e e-TeX tools for LaTeX (JAW)
\etb@tempcnta=\count94
)
(/usr/share/texmf-dist/tex/latex/amsmath/amsmath.sty
Package: amsmath 2017/09/02 v2.17a AMS math features
\@mathmargin=\skip43

For additional information on amsmath, use the `?' option.
(/usr/share/texmf-dist/tex/latex/amsmath/amstext.sty
Package: amstext 2000/06/29 v2.01 AMS text

(/usr/share/texmf-dist/tex/latex/amsmath/amsgen.sty
File: amsgen.sty 1999/11/30 v2.0 generic functions
\@emptytoks=\toks16
\ex@=\dimen104
))
(/usr/share/texmf-dist/tex/latex/amsmath/amsbsy.sty
Package: amsbsy 1999/11/29 v1.2d Bold Symbols
\pmbraise@=\dimen105
)
(/usr/share/texmf-dist/tex/latex/amsmath/amsopn.sty
Package: amsopn 2016/03/08 v2.02 operator names
)
\inf@bad=\count95
LaTeX Info: Redefining \frac on input line 213.
\uproot@=\count96
\leftroot@=\count97
LaTeX Info: Redefining \overline on input line 375.
\classnum@=\count98
\DOTSCASE@=\count99
LaTeX Info: Redefining \ldots on input line 472.
LaTeX Info: Redefining \dots on input line 475.
LaTeX Info: Redefining \cdots on input line 596.
\Mathstrutbox@=\box26
\strutbox@=\box27
\big@size=\dimen106
LaTeX Font Info:    Redeclaring font encoding OML on input line 712.
LaTeX Font Info:    Redeclaring font encoding OMS on input line 713.
\macc@depth=\count100
\c@MaxMatrixCols=\count101
\dotsspace@=\muskip10
\c@parentequation=\count102
\dspbrk@lvl=\count103
\tag@help=\toks17
\row@=\count104
\column@=\count105
\maxfields@=\count106
\andhelp@=\toks18
\eqnshift@=\dimen107
\alignsep@=\dimen108
\tagshift@=\dimen109
\tagwidth@=\dimen110
\totwidth@=\dimen111
\lineht@=\dimen112
\@envbody=\toks19
\multlinegap=\skip44
\multlinetaggap=\skip45
\mathdisplay@stack=\toks20
LaTeX Info: Redefining \[ on input line 2817.
LaTeX Info: Redefining \] on input line 2818.
)
(/usr/share/texmf-dist/tex/latex/amsfonts/amsfonts.sty
Package: amsfonts 2013/01/14 v3.01 Basic AMSFonts support
\symAMSa=\mathgroup4
\symAMSb=\mathgroup5
LaTeX Font Info:    Overwriting math alphabet `\mathfrak' in version `bold'
(Font)                  U/euf/m/n --> U/euf/b/n on input line 106.
)
(/usr/share/texmf-dist/tex/latex/amsfonts/amssymb.sty
Package: amssymb 2013/01/14 v3.01 AMS font symbols
)
(/usr/share/texmf-dist/tex/latex/amscls/amsthm.sty
Package: amsthm 2017/10/31 v2.20.4
\thm@style=\toks21
\thm@bodyfont=\toks22
\thm@headfont=\toks23
\thm@notefont=\toks24
\thm@headpunct=\toks25
\thm@preskip=\skip46
\thm@postskip=\skip47
\thm@headsep=\skip48
\dth@everypar=\toks26
)
(/usr/share/texmf-dist/tex/latex/hyperref/hyperref.sty
Package: hyperref 2018/02/06 v6.86b Hypertext links for LaTeX

(/usr/share/texmf-dist/tex/generic/oberdiek/hobsub-hyperref.sty
Package: hobsub-hyperref 2016/05/16 v1.14 Bundle oberdiek, subset hyperref (HO)


(/usr/share/texmf-dist/tex/generic/oberdiek/hobsub-generic.sty
Package: hobsub-generic 2016/05/16 v1.14 Bundle oberdiek, subset generic (HO)
Package: hobsub 2016/05/16 v1.14 Construct package bundles (HO)
Package: infwarerr 2016/05/16 v1.4 Providing info/warning/error messages (HO)
Package: ltxcmds 2016/05/16 v1.23 LaTeX kernel commands for general use (HO)
Package: ifluatex 2016/05/16 v1.4 Provides the ifluatex switch (HO)
Package ifluatex Info: LuaTeX not detected.
Package: ifvtex 2016/05/16 v1.6 Detect VTeX and its facilities (HO)
Package ifvtex Info: VTeX not detected.
Package: intcalc 2016/05/16 v1.2 Expandable calculations with integers (HO)
Package: ifpdf 2017/03/15 v3.2 Provides the ifpdf switch
Package: etexcmds 2016/05/16 v1.6 Avoid name clashes with e-TeX commands (HO)
Package etexcmds Info: Could not find \expanded.
(etexcmds)             That can mean that you are not using pdfTeX 1.50 or
(etexcmds)             that some package has redefined \expanded.
(etexcmds)             In the latter case, load this package earlier.
Package: kvsetkeys 2016/05/16 v1.17 Key value parser (HO)
Package: kvdefinekeys 2016/05/16 v1.4 Define keys (HO)
Package: pdftexcmds 2018/01/30 v0.27 Utility functions of pdfTeX for LuaTeX (HO
)
Package pdftexcmds Info: LuaTeX not detected.
Package pdftexcmds Info: \pdf@primitive is available.
Package pdftexcmds Info: \pdf@ifprimitive is available.
Package pdftexcmds Info: \pdfdraftmode found.
Package: pdfescape 2016/05/16 v1.14 Implements pdfTeX's escape features (HO)
Package: bigintcalc 2016/05/16 v1.4 Expandable calculations on big integers (HO
)
Package: bitset 2016/05/16 v1.2 Handle bit-vector datatype (HO)
Package: uniquecounter 2016/05/16 v1.3 Provide unlimited unique counter (HO)
)
Package hobsub Info: Skipping package `hobsub' (already loaded).
Package: letltxmacro 2016/05/16 v1.5 Let assignment for LaTeX macros (HO)
Package: hopatch 2016/05/16 v1.3 Wrapper for package hooks (HO)
Package: xcolor-patch 2016/05/16 xcolor patch
Package: atveryend 2016/05/16 v1.9 Hooks at the very end of document (HO)
Package: atbegshi 2016/06/09 v1.18 At begin shipout hook (HO)
Package: refcount 2016/05/16 v3.5 Data extraction from label references (HO)
Package: hycolor 2016/05/16 v1.8 Color options for hyperref/bookmark (HO)
)
(/usr/share/texmf-dist/tex/latex/graphics/keyval.sty
Package: keyval 2014/10/28 v1.15 key=value parser (DPC)
\KV@toks@=\toks27
)
(/usr/share/texmf-dist/tex/generic/ifxetex/ifxetex.sty
Package: ifxetex 2010/09/12 v0.6 Provides ifxetex conditional
)
(/usr/share/texmf-dist/tex/latex/oberdiek/auxhook.sty
Package: auxhook 2016/05/16 v1.4 Hooks for auxiliary files (HO)
)
(/usr/share/texmf-dist/tex/latex/oberdiek/kvoptions.sty
Package: kvoptions 2016/05/16 v3.12 Key value format for package options (HO)
)
\@linkdim=\dimen113
\Hy@linkcounter=\count107
\Hy@pagecounter=\count108

(/usr/share/texmf-dist/tex/latex/hyperref/pd1enc.def
File: pd1enc.def 2018/02/06 v6.86b Hyperref: PDFDocEncoding definition (HO)
Now handling font encoding PD1 ...
... no UTF-8 mapping file for font encoding PD1
)
\Hy@SavedSpaceFactor=\count109

(/usr/share/texmf-dist/tex/latex/latexconfig/hyperref.cfg
File: hyperref.cfg 2002/06/06 v1.2 hyperref configuration of TeXLive
)
Package hyperref Info: Hyper figures OFF on input line 4509.
Package hyperref Info: Link nesting OFF on input line 4514.
Package hyperref Info: Hyper index ON on input line 4517.
Package hyperref Info: Plain pages OFF on input line 4524.
Package hyperref Info: Backreferencing ON on input line 4527.
Package hyperref Info: Implicit mode ON; LaTeX internals redefined.
Package hyperref Info: Bookmarks ON on input line 4762.

(/usr/share/texmf-dist/tex/latex/hyperref/backref.sty
Package: backref 2016/05/21 v1.39 Bibliographical back referencing

(/usr/share/texmf-dist/tex/latex/oberdiek/rerunfilecheck.sty
Package: rerunfilecheck 2016/05/16 v1.8 Rerun checks for auxiliary files (HO)
Package uniquecounter Info: New unique counter `rerunfilecheck' on input line 2
82.
))
\c@Hy@tempcnt=\count110

(/usr/share/texmf-dist/tex/latex/url/url.sty
\Urlmuskip=\muskip11
Package: url 2013/09/16  ver 3.4  Verb mode for urls, etc.
)
LaTeX Info: Redefining \url on input line 5115.
\XeTeXLinkMargin=\dimen114
\Fld@menulength=\count111
\Field@Width=\dimen115
\Fld@charsize=\dimen116
Package hyperref Info: Hyper figures OFF on input line 6369.
Package hyperref Info: Link nesting OFF on input line 6374.
Package hyperref Info: Hyper index ON on input line 6377.
Package hyperref Info: backreferencing ON on input line 6382.
Package hyperref Info: Link coloring OFF on input line 6389.
Package hyperref Info: Link coloring with OCG OFF on input line 6394.
Package hyperref Info: PDF/A mode OFF on input line 6399.
LaTeX Info: Redefining \ref on input line 6439.
LaTeX Info: Redefining \pageref on input line 6443.
\Hy@abspage=\count112
\c@Item=\count113
\c@Hfootnote=\count114
)
Package hyperref Info: Driver (autodetected): hpdftex.

(/usr/share/texmf-dist/tex/latex/hyperref/hpdftex.def
File: hpdftex.def 2018/02/06 v6.86b Hyperref driver for pdfTeX
\Fld@listcount=\count115
\c@bookmark@seq@number=\count116
\Hy@SectionHShift=\skip49
)
(/usr/share/texmf-dist/tex/latex/graphics/graphicx.sty
Package: graphicx 2017/06/01 v1.1a Enhanced LaTeX Graphics (DPC,SPQR)

(/usr/share/texmf-dist/tex/latex/graphics/graphics.sty
Package: graphics 2017/06/25 v1.2c Standard LaTeX Graphics (DPC,SPQR)

(/usr/share/texmf-dist/tex/latex/graphics/trig.sty
Package: trig 2016/01/03 v1.10 sin cos tan (DPC)
)
(/usr/share/texmf-dist/tex/latex/graphics-cfg/graphics.cfg
File: graphics.cfg 2016/06/04 v1.11 sample graphics configuration
)
Package graphics Info: Driver file: pdftex.def on input line 99.

(/usr/share/texmf-dist/tex/latex/graphics-def/pdftex.def
File: pdftex.def 2018/01/08 v1.0l Graphics/color driver for pdftex
))
\Gin@req@height=\dimen117
\Gin@req@width=\dimen118
)
(/usr/share/texmf-dist/tex/latex/oberdiek/epstopdf.sty
Package: epstopdf 2016/05/15 v2.6 Conversion with epstopdf on the fly (HO)

(/usr/share/texmf-dist/tex/latex/oberdiek/epstopdf-base.sty
Package: epstopdf-base 2016/05/15 v2.6 Base part for package epstopdf

(/usr/share/texmf-dist/tex/latex/oberdiek/grfext.sty
Package: grfext 2016/05/16 v1.2 Manage graphics extensions (HO)
)
Package epstopdf-base Info: Redefining graphics rule for `.eps' on input line 4
38.
Package grfext Info: Graphics extension search list:
(grfext)             [.pdf,.png,.jpg,.mps,.jpeg,.jbig2,.jb2,.PDF,.PNG,.JPG,.JPE
G,.JBIG2,.JB2,.eps]
(grfext)             \AppendGraphicsExtensions on input line 456.

(/usr/share/texmf-dist/tex/latex/latexconfig/epstopdf-sys.cfg
File: epstopdf-sys.cfg 2010/07/13 v1.3 Configuration of (r)epstopdf for TeX Liv
e
)))
(/usr/share/texmf-dist/tex/latex/base/latexsym.sty
Package: latexsym 1998/08/17 v2.2e Standard LaTeX package (lasy symbols)
\symlasy=\mathgroup6
LaTeX Font Info:    Overwriting symbol font `lasy' in version `bold'
(Font)                  U/lasy/m/n --> U/lasy/b/n on input line 52.
)
(/usr/share/texmf-dist/tex/latex/preprint/fullpage.sty
Package: fullpage 1999/02/23 1.1 (PWD)
\FP@margin=\skip50
)
(/usr/share/texmf-dist/tex/latex/quoting/quoting.sty
Package: quoting 2014/01/28 v0.1c Consolidated environment for displayed text
\quo@toppartop=\skip51
)
(/usr/share/texmf-dist/tex/latex/booktabs/booktabs.sty
Package: booktabs 2016/04/27 v1.618033 publication quality tables
\heavyrulewidth=\dimen119
\lightrulewidth=\dimen120
\cmidrulewidth=\dimen121
\belowrulesep=\dimen122
\belowbottomsep=\dimen123
\aboverulesep=\dimen124
\abovetopsep=\dimen125
\cmidrulesep=\dimen126
\cmidrulekern=\dimen127
\defaultaddspace=\dimen128
\@cmidla=\count117
\@cmidlb=\count118
\@aboverulesep=\dimen129
\@belowrulesep=\dimen130
\@thisruleclass=\count119
\@lastruleclass=\count120
\@thisrulewidth=\dimen131
)
\c@thm=\count121
\c@dfn=\count122
\c@exm=\count123

(./Meccanica Quantistica.aux)
\openout1 = `"Meccanica Quantistica.aux"'.

LaTeX Font Info:    Checking defaults for OML/cmm/m/it on input line 35.
LaTeX Font Info:    ... okay on input line 35.
LaTeX Font Info:    Checking defaults for T1/cmr/m/n on input line 35.
LaTeX Font Info:    ... okay on input line 35.
LaTeX Font Info:    Checking defaults for OT1/cmr/m/n on input line 35.
LaTeX Font Info:    ... okay on input line 35.
LaTeX Font Info:    Checking defaults for OMS/cmsy/m/n on input line 35.
LaTeX Font Info:    ... okay on input line 35.
LaTeX Font Info:    Checking defaults for OMX/cmex/m/n on input line 35.
LaTeX Font Info:    ... okay on input line 35.
LaTeX Font Info:    Checking defaults for U/cmr/m/n on input line 35.
LaTeX Font Info:    ... okay on input line 35.
LaTeX Font Info:    Checking defaults for PD1/pdf/m/n on input line 35.
LaTeX Font Info:    ... okay on input line 35.
LaTeX Info: Redefining \it@ocap on input line 35.
LaTeX Info: Redefining \it@ccap on input line 35.


File italian.ldf warning: 
italian.ldf    With OT1 encoding guillemets are poorly faked
italian.ldf    Use T1 encoding
italian.ldf    or specify a font with command \CaporaliFrom
italian.ldf    See the documentation concerning the babel-italian typesetting 
italian.ldf    on input line 35.

\AtBeginShipoutBox=\box28
Package hyperref Info: Link coloring OFF on input line 35.
(/usr/share/texmf-dist/tex/latex/hyperref/nameref.sty
Package: nameref 2016/05/21 v2.44 Cross-referencing by name of section

(/usr/share/texmf-dist/tex/generic/oberdiek/gettitlestring.sty
Package: gettitlestring 2016/05/16 v1.5 Cleanup title references (HO)
)
\c@section@level=\count124
)
LaTeX Info: Redefining \ref on input line 35.
LaTeX Info: Redefining \pageref on input line 35.
LaTeX Info: Redefining \nameref on input line 35.

(./Meccanica Quantistica.out) (./Meccanica Quantistica.out)
\@outlinefile=\write3
\openout3 = `"Meccanica Quantistica.out"'.


(/usr/share/texmf-dist/tex/context/base/mkii/supp-pdf.mkii
[Loading MPS to PDF converter (version 2006.09.02).]
\scratchcounter=\count125
\scratchdimen=\dimen132
\scratchbox=\box29
\nofMPsegments=\count126
\nofMParguments=\count127
\everyMPshowfont=\toks28
\MPscratchCnt=\count128
\MPscratchDim=\dimen133
\MPnumerator=\count129
\makeMPintoPDFobject=\count130
\everyMPtoPDFconversion=\toks29
)
LaTeX Font Info:    Try loading font information for U+msa on input line 40.
 (/usr/share/texmf-dist/tex/latex/amsfonts/umsa.fd
File: umsa.fd 2013/01/14 v3.01 AMS symbols A
)
LaTeX Font Info:    Try loading font information for U+msb on input line 40.

(/usr/share/texmf-dist/tex/latex/amsfonts/umsb.fd
File: umsb.fd 2013/01/14 v3.01 AMS symbols B
)
LaTeX Font Info:    Try loading font information for U+lasy on input line 40.

(/usr/share/texmf-dist/tex/latex/base/ulasy.fd
File: ulasy.fd 1998/08/17 v2.2e LaTeX symbol font definitions
)
<eigenLibrichiaro.png, id=450, 482.0409pt x 240.6591pt>
File: eigenLibrichiaro.png Graphic file (type png)
<use eigenLibrichiaro.png>
Package pdftex.def Info: eigenLibrichiaro.png  used on input line 44.
(pdftex.def)             Requested size: 250.0pt x 124.81296pt.
<eigenlabinvertito2.png, id=452, 298.716pt x 210.5466pt>
File: eigenlabinvertito2.png Graphic file (type png)
<use eigenlabinvertito2.png>
Package pdftex.def Info: eigenlabinvertito2.png  used on input line 48.
(pdftex.def)             Requested size: 250.0pt x 176.2154pt.
 [1

{/var/lib/texmf/fonts/map/pdftex/updmap/pdftex.map} <./eigenLibrichiaro.png> <.
/eigenlabinvertito2.png>]
<88x31.png, id=466, 88.33pt x 31.11626pt>
File: 88x31.png Graphic file (type png)
<use 88x31.png>
Package pdftex.def Info: 88x31.png  used on input line 61.
(pdftex.def)             Requested size: 88.32977pt x 31.11617pt.
LaTeX Font Info:    Try loading font information for OMS+cmr on input line 64.

(/usr/share/texmf-dist/tex/latex/base/omscmr.fd
File: omscmr.fd 2014/09/29 v2.5h Standard LaTeX font definitions
)
LaTeX Font Info:    Font shape `OMS/cmr/m/n' in size <10> not available
(Font)              Font shape `OMS/cmsy/m/n' tried instead on input line 64.

Underfull \hbox (badness 10000) in paragraph at lines 72--73

 []

pdfTeX warning (ext4): destination with the same identifier (name{page.1}) has 
been already used, duplicate ignored
<to be read again> 
                   \relax 
l.86 
      [1 <./88x31.png>] (./Meccanica Quantistica.toc [2

] [3])
\tf@toc=\write4
\openout4 = `"Meccanica Quantistica.toc"'.

 [4]
Capitolo 1.
[5

] [6] [7]
Underfull \hbox (badness 10000) in paragraph at lines 231--236

 []


Overfull \hbox (5.34645pt too wide) in paragraph at lines 231--236
\OT1/cmr/m/n/10 Sappiamo che per un oscil-la-to-re ar-mo-ni-co uni-di-men-sio-n
a-le i li-vel-li ener-ge-ti-ci so-no di-scre-ti: $\OMS/cmsy/m/n/10 E[] \OT1/cmr
/m/n/10 = \OML/cmm/m/it/10 nh^^W \OT1/cmr/m/n/10 (\OML/cmm/m/it/10 n \OT1/cmr/m
/n/10 =
 []

[8] [9] [10]
Capitolo 2.

Underfull \hbox (badness 10000) in paragraph at lines 317--320

 []


Underfull \hbox (badness 10000) in paragraph at lines 322--328

 []


Underfull \hbox (badness 10000) in paragraph at lines 322--328

 []

[11

]
Underfull \hbox (badness 10000) in paragraph at lines 374--378
\OT1/cmr/m/n/10 ^^Re la ve-lo-cit^^Ra di grup-po del-l'on-da $\OML/cmm/m/it/10 
@!=@k \OT1/cmr/m/n/10 = \OML/cmm/m/it/10 @\OMS/cmsy/m/n/10 E\OML/cmm/m/it/10 =@
p \OT1/cmr/m/n/10 = \OML/cmm/m/it/10 p=m$\OT1/cmr/m/n/10 .
 []

[12] [13]
Underfull \hbox (badness 10000) in paragraph at lines 436--440

 []


Underfull \hbox (badness 10000) in paragraph at lines 466--470

 []

[14] [15] [16] [17]
Underfull \hbox (badness 10000) in paragraph at lines 682--688

 []


Underfull \hbox (badness 10000) in paragraph at lines 682--688

 []

[18] [19]
Underfull \hbox (badness 10000) in paragraph at lines 774--777

 []

[20] [21] [22] [23] [24]
Underfull \hbox (badness 10000) in paragraph at lines 982--986

 []

[25]
Underfull \hbox (badness 10000) in paragraph at lines 1042--1046

 []

[26]
LaTeX Font Info:    Font shape `U/lasy/b/n' in size <7> not available
(Font)              Font shape `U/lasy/m/n' tried instead on input line 1095.
LaTeX Font Info:    Font shape `U/lasy/b/n' in size <5> not available
(Font)              Font shape `U/lasy/m/n' tried instead on input line 1095.
 [27] [28]
Underfull \hbox (badness 10000) in paragraph at lines 1259--1263

 []

[29]
Underfull \hbox (badness 10000) in paragraph at lines 1419--1423

 []

[30]
Underfull \hbox (badness 10000) in paragraph at lines 1429--1433

 []

[31] [32]
Capitolo 3.

Underfull \hbox (badness 10000) in paragraph at lines 1536--1540

 []

[33

]
Underfull \hbox (badness 10000) in paragraph at lines 1554--1558

 []


Underfull \hbox (badness 10000) in paragraph at lines 1564--1568

 []

[34]
Underfull \hbox (badness 10000) in paragraph at lines 1603--1608

 []

[35]
Underfull \hbox (badness 10000) in paragraph at lines 1679--1683

 []


Underfull \hbox (badness 10000) in paragraph at lines 1693--1697

 []

[36]
Underfull \hbox (badness 10000) in paragraph at lines 1740--1744

 []

[37]
Underfull \hbox (badness 10000) in paragraph at lines 1759--1763

 []


Underfull \hbox (badness 10000) in paragraph at lines 1785--1791

 []


Underfull \hbox (badness 10000) in paragraph at lines 1785--1791

 []


Underfull \hbox (badness 10000) in paragraph at lines 1801--1804

 []

[38]
Underfull \hbox (badness 10000) in paragraph at lines 1809--1813

 []

[39] [40] [41]
Capitolo 4.
[42

] [43] [44] [45] [46]
Underfull \hbox (badness 10000) in paragraph at lines 2206--2210

 []

[47] [48] [49] [50]
Underfull \hbox (badness 10000) in paragraph at lines 2391--2397

 []


Underfull \hbox (badness 10000) in paragraph at lines 2391--2397

 []

[51]
Underfull \hbox (badness 10000) in paragraph at lines 2419--2423

 []

[52] [53]
Capitolo 5.
[54

] [55] [56] [57]
Underfull \hbox (badness 10000) in paragraph at lines 2837--2842

 []

[58] [59]
Underfull \hbox (badness 10000) in paragraph at lines 2928--2932

 []


Underfull \hbox (badness 10000) in paragraph at lines 2983--2987

 []

[60]
Underfull \hbox (badness 10000) in paragraph at lines 3042--3048

 []


Underfull \hbox (badness 10000) in paragraph at lines 3042--3048

 []

[61] [62]

Package hyperref Warning: Token not allowed in a PDF string (PDFDocEncoding):
(hyperref)                removing `math shift' on input line 3137.


Package hyperref Warning: Token not allowed in a PDF string (PDFDocEncoding):
(hyperref)                removing `math shift' on input line 3137.

[63]
Underfull \hbox (badness 10000) in paragraph at lines 3219--3223

 []

[64] [65]
Capitolo 6.

Underfull \hbox (badness 10000) in paragraph at lines 3269--3272

 []

[66

] [67] [68] [69] [70] [71]

Package hyperref Warning: Token not allowed in a PDF string (PDFDocEncoding):
(hyperref)                removing `math shift' on input line 3573.


Package hyperref Warning: Token not allowed in a PDF string (PDFDocEncoding):
(hyperref)                removing `math shift' on input line 3573.


Package hyperref Warning: Token not allowed in a PDF string (PDFDocEncoding):
(hyperref)                removing `math shift' on input line 3573.


Package hyperref Warning: Token not allowed in a PDF string (PDFDocEncoding):
(hyperref)                removing `math shift' on input line 3573.

[72] [73]
Capitolo 7.
[74

]
Underfull \hbox (badness 10000) in paragraph at lines 3712--3716

 []


Underfull \hbox (badness 10000) in paragraph at lines 3732--3736

 []

[75]
Underfull \hbox (badness 10000) in paragraph at lines 3759--3763

 []

[76] [77]
Capitolo 8.
[78

] [79] [80] [81] [82] [83] [84] [85]
Underfull \hbox (badness 10000) in paragraph at lines 4283--4287

 []

[86] [87]
Underfull \hbox (badness 10000) in paragraph at lines 4378--4381

 []

[88]
Underfull \hbox (badness 10000) in paragraph at lines 4418--4425

 []


Underfull \hbox (badness 10000) in paragraph at lines 4453--4458

 []

[89] [90]
Underfull \hbox (badness 10000) in paragraph at lines 4596--4601

 []

[91]
Underfull \hbox (badness 10000) in paragraph at lines 4633--4637

 []

[92] [93] [94] [95] [96]
Capitolo 9.
[97

] [98] [99] [100] [101] [102] [103]
Capitolo 10.
[104

]
Underfull \hbox (badness 10000) in paragraph at lines 5250--5254

 []

[105] [106] [107]
Underfull \hbox (badness 10000) in paragraph at lines 5385--5389

 []

[108]
Underfull \hbox (badness 10000) in paragraph at lines 5415--5419

 []


Underfull \hbox (badness 10000) in paragraph at lines 5432--5436

 []


Underfull \hbox (badness 10000) in paragraph at lines 5449--5453

 []

[109] [110] [111] [112] [113] [114] [115] [116] [117] [118] [119]
Underfull \hbox (badness 10000) in paragraph at lines 5955--5960

 []

[120] [121]
Underfull \hbox (badness 10000) in paragraph at lines 6049--6051

 []

[122] [123]
Overfull \hbox (10.97983pt too wide) in paragraph at lines 6147--6149
\OT1/cmr/m/n/10 L'integrale rap-pre-sen-ta la tra-sfor-ma-ta di Fou-rier del-la
 fun-zio-ne d'on-da dell'$1\OML/cmm/m/it/10 s$\OT1/cmr/m/n/10 , che ^^Re $\OML/
cmm/m/it/10  [] \OT1/cmr/m/n/10 = (\OML/cmm/m/it/10 ^^Ya[]\OT1/cmr/m/n/10 )[]\O
ML/cmm/m/it/10 e[]$\OT1/cmr/m/n/10 .
 []

[124] [125] [126]

Package hyperref Warning: Token not allowed in a PDF string (PDFDocEncoding):
(hyperref)                removing `math shift' on input line 6308.


Package hyperref Warning: Token not allowed in a PDF string (PDFDocEncoding):
(hyperref)                removing `math shift' on input line 6308.

[127] [128]
Capitolo 11.
[129

] [130] [131] [132]
Capitolo 12.
[133

] [134] [135] [136] [137] [138] [139] [140] [141]
Capitolo 13.

LaTeX Warning: `h' float specifier changed to `ht'.

[142

] [143] [144]
Underfull \hbox (badness 10000) in paragraph at lines 7028--7032

 []

[145] [146] [147] [148]
Capitolo 14.
[149

]
Package atveryend Info: Empty hook `BeforeClearDocument' on input line 7203.
 [150]
Package atveryend Info: Empty hook `AfterLastShipout' on input line 7203.
 (./Meccanica Quantistica.aux)
Package atveryend Info: Executing hook `AtVeryEndDocument' on input line 7203.
Package atveryend Info: Executing hook `AtEndAfterFileList' on input line 7203.

Package rerunfilecheck Info: File `"Meccanica Quantistica".out' has not changed
.
(rerunfilecheck)             Checksum: 1A89EC40060DE67FD91DF883B420FD93;8344.
 ) 
Here is how much of TeX's memory you used:
 8735 strings out of 492649
 122228 string characters out of 6135778
 217966 words of memory out of 5000000
 11163 multiletter control sequences out of 15000+600000
 18701 words of font info for 75 fonts, out of 8000000 for 9000
 1141 hyphenation exceptions out of 8191
 32i,15n,31p,889b,486s stack positions out of 5000i,500n,10000p,200000b,80000s
</usr/share/texmf-dist/fonts/type1/public/amsfonts/cm/cmbsy10.pfb></usr/share
/texmf-dist/fonts/type1/public/amsfonts/cm/cmbx10.pfb></usr/share/texmf-dist/fo
nts/type1/public/amsfonts/cm/cmbx12.pfb></usr/share/texmf-dist/fonts/type1/publ
ic/amsfonts/cm/cmbx7.pfb></usr/share/texmf-dist/fonts/type1/public/amsfonts/cm/
cmex10.pfb></usr/share/texmf-dist/fonts/type1/public/amsfonts/cm/cmmi10.pfb></u
sr/share/texmf-dist/fonts/type1/public/amsfonts/cm/cmmi12.pfb></usr/share/texmf
-dist/fonts/type1/public/amsfonts/cm/cmmi5.pfb></usr/share/texmf-dist/fonts/typ
e1/public/amsfonts/cm/cmmi7.pfb></usr/share/texmf-dist/fonts/type1/public/amsfo
nts/cm/cmmib10.pfb></usr/share/texmf-dist/fonts/type1/public/amsfonts/cmextra/c
mmib7.pfb></usr/share/texmf-dist/fonts/type1/public/amsfonts/cm/cmr10.pfb></usr
/share/texmf-dist/fonts/type1/public/amsfonts/cm/cmr17.pfb></usr/share/texmf-di
st/fonts/type1/public/amsfonts/cm/cmr5.pfb></usr/share/texmf-dist/fonts/type1/p
ublic/amsfonts/cm/cmr6.pfb></usr/share/texmf-dist/fonts/type1/public/amsfonts/c
m/cmr7.pfb></usr/share/texmf-dist/fonts/type1/public/amsfonts/cm/cmr8.pfb></usr
/share/texmf-dist/fonts/type1/public/amsfonts/cm/cmr9.pfb></usr/share/texmf-dis
t/fonts/type1/public/amsfonts/cm/cmsy10.pfb></usr/share/texmf-dist/fonts/type1/
public/amsfonts/cm/cmsy5.pfb></usr/share/texmf-dist/fonts/type1/public/amsfonts
/cm/cmsy7.pfb></usr/share/texmf-dist/fonts/type1/public/amsfonts/cm/cmti10.pfb>
</usr/share/texmf-dist/fonts/type1/public/amsfonts/cm/cmtt10.pfb></usr/share/te
xmf-dist/fonts/type1/public/amsfonts/symbols/msam10.pfb></usr/share/texmf-dist/
fonts/type1/public/amsfonts/symbols/msbm10.pfb></usr/share/texmf-dist/fonts/typ
e1/public/amsfonts/symbols/msbm7.pfb>
Output written on "Meccanica Quantistica.pdf" (151 pages, 1155358 bytes).
PDF statistics:
 2715 PDF objects out of 2984 (max. 8388607)
 2504 compressed objects within 26 object streams
 1324 named destinations out of 1440 (max. 500000)
 904 words of extra memory for PDF output out of 10000 (max. 10000000)

