\BOOKMARK [0][-]{chapter.1}{Equazioni differenziali}{}% 1
\BOOKMARK [1][-]{section.1.1}{Introduzione}{chapter.1}% 2
\BOOKMARK [1][-]{section.1.2}{Teorema di esistenza e unicit\340 locale delle soluzioni di un'equazione differenziale}{chapter.1}% 3
\BOOKMARK [1][-]{section.1.3}{Equazioni differenziali del primo ordine}{chapter.1}% 4
\BOOKMARK [2][-]{subsection.1.3.1}{Equazioni differenziali del primo ordine a variabili separabili}{section.1.3}% 5
\BOOKMARK [2][-]{subsection.1.3.2}{Equazioni differenziali riconducibili a variabili separabili}{section.1.3}% 6
\BOOKMARK [2][-]{subsection.1.3.3}{Equazioni del tipo y'=f\(ax+by\)}{section.1.3}% 7
\BOOKMARK [2][-]{subsection.1.3.4}{Equazioni lineari del primo ordine}{section.1.3}% 8
\BOOKMARK [2][-]{subsection.1.3.5}{Equazione di Bernoulli}{section.1.3}% 9
\BOOKMARK [0][-]{chapter.2}{Sistemi lineari del primo ordine}{}% 10
\BOOKMARK [1][-]{section.2.1}{Introduzione}{chapter.2}% 11
\BOOKMARK [1][-]{section.2.2}{Matrice Wronskiana}{chapter.2}% 12
\BOOKMARK [1][-]{section.2.3}{Metodo di variazione delle costanti}{chapter.2}% 13
\BOOKMARK [1][-]{section.2.4}{Sistemi lineari a coefficienti costanti}{chapter.2}% 14
\BOOKMARK [2][-]{subsection.2.4.1}{Caso I}{section.2.4}% 15
\BOOKMARK [2][-]{subsection.2.4.2}{Caso II}{section.2.4}% 16
\BOOKMARK [2][-]{subsection.2.4.3}{Caso III}{section.2.4}% 17
\BOOKMARK [2][-]{subsection.2.4.4}{Sistemi di Eulero}{section.2.4}% 18
\BOOKMARK [0][-]{chapter.3}{Equazioni differenziali di ordine n}{}% 19
\BOOKMARK [1][-]{section.3.1}{Problema di Cauchy}{chapter.3}% 20
\BOOKMARK [1][-]{section.3.2}{Equazioni differenziali di ordine n a coefficienti costanti}{chapter.3}% 21
\BOOKMARK [0][-]{chapter.4}{Derivate parziali e differenziabilit\340}{}% 22
\BOOKMARK [1][-]{section.4.1}{Derivate parziali}{chapter.4}% 23
\BOOKMARK [1][-]{section.4.2}{Differenziabilit\340}{chapter.4}% 24
\BOOKMARK [1][-]{section.4.3}{Derivate successive}{chapter.4}% 25
\BOOKMARK [1][-]{section.4.4}{Forme quadratiche}{chapter.4}% 26
\BOOKMARK [1][-]{section.4.5}{Operatore di Laplace in due dimensioni}{chapter.4}% 27
\BOOKMARK [0][-]{chapter.5}{Funzioni implicite}{}% 28
\BOOKMARK [1][-]{section.5.1}{Caso bidimensionale}{chapter.5}% 29
\BOOKMARK [1][-]{section.5.2}{Contrazioni}{chapter.5}% 30
\BOOKMARK [1][-]{section.5.3}{Caso generale}{chapter.5}% 31
\BOOKMARK [1][-]{section.5.4}{Funzioni invertibili}{chapter.5}% 32
\BOOKMARK [1][-]{section.5.5}{Massimi e minimi vincolati}{chapter.5}% 33
\BOOKMARK [1][-]{section.5.6}{Metodo dei moltiplicatori di Lagrange}{chapter.5}% 34
\BOOKMARK [0][-]{chapter.6}{Integrale di Lebesgue}{}% 35
\BOOKMARK [1][-]{section.6.1}{Compattezza in spazi metrici}{chapter.6}% 36
\BOOKMARK [1][-]{section.6.2}{Misura di Lebesgue}{chapter.6}% 37
\BOOKMARK [2][-]{subsection.6.2.1}{Classe dei misurabili}{section.6.2}% 38
\BOOKMARK [1][-]{section.6.3}{Funzioni misurabili}{chapter.6}% 39
\BOOKMARK [1][-]{section.6.4}{Integrale di Lebesgue per funzioni semplici}{chapter.6}% 40
\BOOKMARK [1][-]{section.6.5}{Integrale di Lebesgue per funzioni misurabili}{chapter.6}% 41
\BOOKMARK [1][-]{section.6.6}{Calcolo degli integrali multipli}{chapter.6}% 42
\BOOKMARK [1][-]{section.6.7}{Cambiamento di variabili}{chapter.6}% 43
\BOOKMARK [1][-]{section.6.8}{Cambiamento di variabili in coordinate polari}{chapter.6}% 44
\BOOKMARK [1][-]{section.6.9}{Cambiamento di variabili in coordinate cilindriche}{chapter.6}% 45
\BOOKMARK [1][-]{section.6.10}{Volume del solido di rotazione}{chapter.6}% 46
\BOOKMARK [1][-]{section.6.11}{Cambiamento di variabili in coordinate sferiche}{chapter.6}% 47
\BOOKMARK [1][-]{section.6.12}{Curve e lunghezza di una curva}{chapter.6}% 48
\BOOKMARK [0][-]{chapter.7}{Integrale curvilineo e di superficie}{}% 49
\BOOKMARK [1][-]{section.7.1}{Integrale curvilineo}{chapter.7}% 50
\BOOKMARK [1][-]{section.7.2}{Integrale di superficie}{chapter.7}% 51
\BOOKMARK [0][-]{chapter.8}{Campi vettoriali}{}% 52
\BOOKMARK [1][-]{section.8.1}{Campi vettoriali e linee di forza}{chapter.8}% 53
\BOOKMARK [1][-]{section.8.2}{Integrazione di un campo vettoriale}{chapter.8}% 54
\BOOKMARK [1][-]{section.8.3}{Formule di Gauss-Green}{chapter.8}% 55
\BOOKMARK [1][-]{section.8.4}{Divergenza, rotore e teorema di Stokes}{chapter.8}% 56
