This is pdfTeX, Version 3.14159265-2.6-1.40.19 (TeX Live 2018/Arch Linux) (preloaded format=pdflatex 2019.4.26)  6 JUN 2019 17:01
entering extended mode
 restricted \write18 enabled.
 %&-line parsing enabled.
**"Analisi 3.tex"
(./Analisi 3.tex
LaTeX2e <2018-12-01>
(/usr/share/texmf-dist/tex/latex/base/report.cls
Document Class: report 2018/09/03 v1.4i Standard LaTeX document class
(/usr/share/texmf-dist/tex/latex/base/size12.clo
File: size12.clo 2018/09/03 v1.4i Standard LaTeX file (size option)
)
\c@part=\count80
\c@chapter=\count81
\c@section=\count82
\c@subsection=\count83
\c@subsubsection=\count84
\c@paragraph=\count85
\c@subparagraph=\count86
\c@figure=\count87
\c@table=\count88
\abovecaptionskip=\skip41
\belowcaptionskip=\skip42
\bibindent=\dimen102
)
(/usr/share/texmf-dist/tex/latex/hyperref/hyperref.sty
Package: hyperref 2018/11/30 v6.88e Hypertext links for LaTeX

(/usr/share/texmf-dist/tex/generic/oberdiek/hobsub-hyperref.sty
Package: hobsub-hyperref 2016/05/16 v1.14 Bundle oberdiek, subset hyperref (HO)


(/usr/share/texmf-dist/tex/generic/oberdiek/hobsub-generic.sty
Package: hobsub-generic 2016/05/16 v1.14 Bundle oberdiek, subset generic (HO)
Package: hobsub 2016/05/16 v1.14 Construct package bundles (HO)
Package: infwarerr 2016/05/16 v1.4 Providing info/warning/error messages (HO)
Package: ltxcmds 2016/05/16 v1.23 LaTeX kernel commands for general use (HO)
Package: ifluatex 2016/05/16 v1.4 Provides the ifluatex switch (HO)
Package ifluatex Info: LuaTeX not detected.
Package: ifvtex 2016/05/16 v1.6 Detect VTeX and its facilities (HO)
Package ifvtex Info: VTeX not detected.
Package: intcalc 2016/05/16 v1.2 Expandable calculations with integers (HO)
Package: ifpdf 2018/09/07 v3.3 Provides the ifpdf switch
Package: etexcmds 2016/05/16 v1.6 Avoid name clashes with e-TeX commands (HO)
Package etexcmds Info: Could not find \expanded.
(etexcmds)             That can mean that you are not using pdfTeX 1.50 or
(etexcmds)             that some package has redefined \expanded.
(etexcmds)             In the latter case, load this package earlier.
Package: kvsetkeys 2016/05/16 v1.17 Key value parser (HO)
Package: kvdefinekeys 2016/05/16 v1.4 Define keys (HO)
Package: pdftexcmds 2018/09/10 v0.29 Utility functions of pdfTeX for LuaTeX (HO
)
Package pdftexcmds Info: LuaTeX not detected.
Package pdftexcmds Info: \pdf@primitive is available.
Package pdftexcmds Info: \pdf@ifprimitive is available.
Package pdftexcmds Info: \pdfdraftmode found.
Package: pdfescape 2016/05/16 v1.14 Implements pdfTeX's escape features (HO)
Package: bigintcalc 2016/05/16 v1.4 Expandable calculations on big integers (HO
)
Package: bitset 2016/05/16 v1.2 Handle bit-vector datatype (HO)
Package: uniquecounter 2016/05/16 v1.3 Provide unlimited unique counter (HO)
)
Package hobsub Info: Skipping package `hobsub' (already loaded).
Package: letltxmacro 2016/05/16 v1.5 Let assignment for LaTeX macros (HO)
Package: hopatch 2016/05/16 v1.3 Wrapper for package hooks (HO)
Package: xcolor-patch 2016/05/16 xcolor patch
Package: atveryend 2016/05/16 v1.9 Hooks at the very end of document (HO)
Package atveryend Info: \enddocument detected (standard20110627).
Package: atbegshi 2016/06/09 v1.18 At begin shipout hook (HO)
Package: refcount 2016/05/16 v3.5 Data extraction from label references (HO)
Package: hycolor 2016/05/16 v1.8 Color options for hyperref/bookmark (HO)
)
(/usr/share/texmf-dist/tex/latex/graphics/keyval.sty
Package: keyval 2014/10/28 v1.15 key=value parser (DPC)
\KV@toks@=\toks14
)
(/usr/share/texmf-dist/tex/generic/ifxetex/ifxetex.sty
Package: ifxetex 2010/09/12 v0.6 Provides ifxetex conditional
)
(/usr/share/texmf-dist/tex/latex/oberdiek/auxhook.sty
Package: auxhook 2016/05/16 v1.4 Hooks for auxiliary files (HO)
)
(/usr/share/texmf-dist/tex/latex/oberdiek/kvoptions.sty
Package: kvoptions 2016/05/16 v3.12 Key value format for package options (HO)
)
\@linkdim=\dimen103
\Hy@linkcounter=\count89
\Hy@pagecounter=\count90

(/usr/share/texmf-dist/tex/latex/hyperref/pd1enc.def
File: pd1enc.def 2018/11/30 v6.88e Hyperref: PDFDocEncoding definition (HO)
Now handling font encoding PD1 ...
... no UTF-8 mapping file for font encoding PD1
)
\Hy@SavedSpaceFactor=\count91

(/usr/share/texmf-dist/tex/latex/latexconfig/hyperref.cfg
File: hyperref.cfg 2002/06/06 v1.2 hyperref configuration of TeXLive
)

Package hyperref Warning: Option `a4paper' is no longer used.

Package hyperref Info: Hyper figures OFF on input line 4519.
Package hyperref Info: Link nesting OFF on input line 4524.
Package hyperref Info: Hyper index ON on input line 4527.
Package hyperref Info: Plain pages OFF on input line 4534.
Package hyperref Info: Backreferencing ON on input line 4537.
Package hyperref Info: Implicit mode ON; LaTeX internals redefined.
Package hyperref Info: Bookmarks ON on input line 4772.
(/usr/share/texmf-dist/tex/latex/hyperref/backref.sty
Package: backref 2016/05/21 v1.39 Bibliographical back referencing

(/usr/share/texmf-dist/tex/latex/oberdiek/rerunfilecheck.sty
Package: rerunfilecheck 2016/05/16 v1.8 Rerun checks for auxiliary files (HO)
Package uniquecounter Info: New unique counter `rerunfilecheck' on input line 2
82.
))
\c@Hy@tempcnt=\count92

(/usr/share/texmf-dist/tex/latex/url/url.sty
\Urlmuskip=\muskip10
Package: url 2013/09/16  ver 3.4  Verb mode for urls, etc.
)
LaTeX Info: Redefining \url on input line 5125.
\XeTeXLinkMargin=\dimen104
\Fld@menulength=\count93
\Field@Width=\dimen105
\Fld@charsize=\dimen106
Package hyperref Info: Hyper figures OFF on input line 6380.
Package hyperref Info: Link nesting OFF on input line 6385.
Package hyperref Info: Hyper index ON on input line 6388.
Package hyperref Info: backreferencing ON on input line 6393.
Package hyperref Info: Link coloring OFF on input line 6400.
Package hyperref Info: Link coloring with OCG OFF on input line 6405.
Package hyperref Info: PDF/A mode OFF on input line 6410.
LaTeX Info: Redefining \ref on input line 6450.
LaTeX Info: Redefining \pageref on input line 6454.
\Hy@abspage=\count94
\c@Item=\count95
\c@Hfootnote=\count96
)
Package hyperref Info: Driver (autodetected): hpdftex.

(/usr/share/texmf-dist/tex/latex/hyperref/hpdftex.def
File: hpdftex.def 2018/11/30 v6.88e Hyperref driver for pdfTeX
\Fld@listcount=\count97
\c@bookmark@seq@number=\count98
\Hy@SectionHShift=\skip43
)
(/usr/share/texmf-dist/tex/generic/babel/babel.sty
Package: babel 2018/11/13 3.27 The Babel package

(/usr/share/texmf-dist/tex/generic/babel/switch.def
File: switch.def 2018/11/13 3.27 Babel switching mechanism
)
(/usr/share/texmf-dist/tex/generic/babel-italian/italian.ldf
Language: italian 2019/01/05 v.1.4.01 Italian support for the babel system

(/usr/share/texmf-dist/tex/generic/babel/babel.def
File: babel.def 2018/11/13 3.27 Babel common definitions
\babel@savecnt=\count99
\U@D=\dimen107

(/usr/share/texmf-dist/tex/generic/babel/txtbabel.def)
\bbl@dirlevel=\count100
)
\it@lettering=\count101
\it@doublequoteactive=\count102
\it@ISOcompliance=\count103
))
(/usr/share/texmf-dist/tex/latex/etoolbox/etoolbox.sty
Package: etoolbox 2018/08/19 v2.5f e-TeX tools for LaTeX (JAW)
\etb@tempcnta=\count104
)
(/usr/share/texmf-dist/tex/latex/base/inputenc.sty
Package: inputenc 2018/08/11 v1.3c Input encoding file
\inpenc@prehook=\toks15
\inpenc@posthook=\toks16
)
(/usr/share/texmf-dist/tex/latex/graphics/graphicx.sty
Package: graphicx 2017/06/01 v1.1a Enhanced LaTeX Graphics (DPC,SPQR)

(/usr/share/texmf-dist/tex/latex/graphics/graphics.sty
Package: graphics 2017/06/25 v1.2c Standard LaTeX Graphics (DPC,SPQR)

(/usr/share/texmf-dist/tex/latex/graphics/trig.sty
Package: trig 2016/01/03 v1.10 sin cos tan (DPC)
)
(/usr/share/texmf-dist/tex/latex/graphics-cfg/graphics.cfg
File: graphics.cfg 2016/06/04 v1.11 sample graphics configuration
)
Package graphics Info: Driver file: pdftex.def on input line 99.

(/usr/share/texmf-dist/tex/latex/graphics-def/pdftex.def
File: pdftex.def 2018/01/08 v1.0l Graphics/color driver for pdftex
))
\Gin@req@height=\dimen108
\Gin@req@width=\dimen109
)
(/usr/share/texmf-dist/tex/latex/oberdiek/epstopdf.sty
Package: epstopdf 2016/05/15 v2.6 Conversion with epstopdf on the fly (HO)

(/usr/share/texmf-dist/tex/latex/oberdiek/epstopdf-base.sty
Package: epstopdf-base 2016/05/15 v2.6 Base part for package epstopdf

(/usr/share/texmf-dist/tex/latex/oberdiek/grfext.sty
Package: grfext 2016/05/16 v1.2 Manage graphics extensions (HO)
)
Package epstopdf-base Info: Redefining graphics rule for `.eps' on input line 4
38.
Package grfext Info: Graphics extension search list:
(grfext)             [.pdf,.png,.jpg,.mps,.jpeg,.jbig2,.jb2,.PDF,.PNG,.JPG,.JPE
G,.JBIG2,.JB2,.eps]
(grfext)             \AppendGraphicsExtensions on input line 456.

(/usr/share/texmf-dist/tex/latex/latexconfig/epstopdf-sys.cfg
File: epstopdf-sys.cfg 2010/07/13 v1.3 Configuration of (r)epstopdf for TeX Liv
e
)))
(/usr/share/texmf-dist/tex/latex/base/latexsym.sty
Package: latexsym 1998/08/17 v2.2e Standard LaTeX package (lasy symbols)
\symlasy=\mathgroup4
LaTeX Font Info:    Overwriting symbol font `lasy' in version `bold'
(Font)                  U/lasy/m/n --> U/lasy/b/n on input line 52.
)
(/usr/share/texmf-dist/tex/latex/amsmath/amsmath.sty
Package: amsmath 2018/12/01 v2.17b AMS math features
\@mathmargin=\skip44

For additional information on amsmath, use the `?' option.
(/usr/share/texmf-dist/tex/latex/amsmath/amstext.sty
Package: amstext 2000/06/29 v2.01 AMS text

(/usr/share/texmf-dist/tex/latex/amsmath/amsgen.sty
File: amsgen.sty 1999/11/30 v2.0 generic functions
\@emptytoks=\toks17
\ex@=\dimen110
))
(/usr/share/texmf-dist/tex/latex/amsmath/amsbsy.sty
Package: amsbsy 1999/11/29 v1.2d Bold Symbols
\pmbraise@=\dimen111
)
(/usr/share/texmf-dist/tex/latex/amsmath/amsopn.sty
Package: amsopn 2016/03/08 v2.02 operator names
)
\inf@bad=\count105
LaTeX Info: Redefining \frac on input line 223.
\uproot@=\count106
\leftroot@=\count107
LaTeX Info: Redefining \overline on input line 385.
\classnum@=\count108
\DOTSCASE@=\count109
LaTeX Info: Redefining \ldots on input line 482.
LaTeX Info: Redefining \dots on input line 485.
LaTeX Info: Redefining \cdots on input line 606.
\Mathstrutbox@=\box27
\strutbox@=\box28
\big@size=\dimen112
LaTeX Font Info:    Redeclaring font encoding OML on input line 729.
LaTeX Font Info:    Redeclaring font encoding OMS on input line 730.
\macc@depth=\count110
\c@MaxMatrixCols=\count111
\dotsspace@=\muskip11
\c@parentequation=\count112
\dspbrk@lvl=\count113
\tag@help=\toks18
\row@=\count114
\column@=\count115
\maxfields@=\count116
\andhelp@=\toks19
\eqnshift@=\dimen113
\alignsep@=\dimen114
\tagshift@=\dimen115
\tagwidth@=\dimen116
\totwidth@=\dimen117
\lineht@=\dimen118
\@envbody=\toks20
\multlinegap=\skip45
\multlinetaggap=\skip46
\mathdisplay@stack=\toks21
LaTeX Info: Redefining \[ on input line 2844.
LaTeX Info: Redefining \] on input line 2845.
)
(/usr/share/texmf-dist/tex/latex/amsfonts/amssymb.sty
Package: amssymb 2013/01/14 v3.01 AMS font symbols

(/usr/share/texmf-dist/tex/latex/amsfonts/amsfonts.sty
Package: amsfonts 2013/01/14 v3.01 Basic AMSFonts support
\symAMSa=\mathgroup5
\symAMSb=\mathgroup6
LaTeX Font Info:    Overwriting math alphabet `\mathfrak' in version `bold'
(Font)                  U/euf/m/n --> U/euf/b/n on input line 106.
))
(/usr/share/texmf-dist/tex/latex/amscls/amsthm.sty
Package: amsthm 2017/10/31 v2.20.4
\thm@style=\toks22
\thm@bodyfont=\toks23
\thm@headfont=\toks24
\thm@notefont=\toks25
\thm@headpunct=\toks26
\thm@preskip=\skip47
\thm@postskip=\skip48
\thm@headsep=\skip49
\dth@everypar=\toks27
)
(/usr/share/texmf-dist/tex/latex/geometry/geometry.sty
Package: geometry 2018/04/16 v5.8 Page Geometry
\Gm@cnth=\count117
\Gm@cntv=\count118
\c@Gm@tempcnt=\count119
\Gm@bindingoffset=\dimen119
\Gm@wd@mp=\dimen120
\Gm@odd@mp=\dimen121
\Gm@even@mp=\dimen122
\Gm@layoutwidth=\dimen123
\Gm@layoutheight=\dimen124
\Gm@layouthoffset=\dimen125
\Gm@layoutvoffset=\dimen126
\Gm@dimlist=\toks28
)
\c@thm=\count120
\c@cor=\count121
\c@lem=\count122
\c@prop=\count123
\c@rem=\count124
\c@exm=\count125
\c@defn=\count126
\c@oss=\count127
 (./Analisi 3.aux)
\openout1 = `"Analisi 3.aux"'.

LaTeX Font Info:    Checking defaults for OML/cmm/m/it on input line 37.
LaTeX Font Info:    ... okay on input line 37.
LaTeX Font Info:    Checking defaults for T1/cmr/m/n on input line 37.
LaTeX Font Info:    ... okay on input line 37.
LaTeX Font Info:    Checking defaults for OT1/cmr/m/n on input line 37.
LaTeX Font Info:    ... okay on input line 37.
LaTeX Font Info:    Checking defaults for OMS/cmsy/m/n on input line 37.
LaTeX Font Info:    ... okay on input line 37.
LaTeX Font Info:    Checking defaults for OMX/cmex/m/n on input line 37.
LaTeX Font Info:    ... okay on input line 37.
LaTeX Font Info:    Checking defaults for U/cmr/m/n on input line 37.
LaTeX Font Info:    ... okay on input line 37.
LaTeX Font Info:    Checking defaults for PD1/pdf/m/n on input line 37.
LaTeX Font Info:    ... okay on input line 37.
\AtBeginShipoutBox=\box29
Package hyperref Info: Link coloring OFF on input line 37.

(/usr/share/texmf-dist/tex/latex/hyperref/nameref.sty
Package: nameref 2016/05/21 v2.44 Cross-referencing by name of section

(/usr/share/texmf-dist/tex/generic/oberdiek/gettitlestring.sty
Package: gettitlestring 2016/05/16 v1.5 Cleanup title references (HO)
)
\c@section@level=\count128
)
LaTeX Info: Redefining \ref on input line 37.
LaTeX Info: Redefining \pageref on input line 37.
LaTeX Info: Redefining \nameref on input line 37.

(./Analisi 3.out) (./Analisi 3.out)
\@outlinefile=\write3
\openout3 = `"Analisi 3.out"'.

LaTeX Info: Redefining \it@ocap on input line 37.
LaTeX Info: Redefining \it@ccap on input line 37.


File italian.ldf warning: 
italian.ldf    With OT1 encoding guillemets are poorly faked
italian.ldf    Use T1 encoding
italian.ldf    or specify a font with command \CaporaliFrom
italian.ldf    See the documentation concerning the babel-italian typesetting 
italian.ldf    on input line 37.

(/usr/share/texmf-dist/tex/context/base/mkii/supp-pdf.mkii
[Loading MPS to PDF converter (version 2006.09.02).]
\scratchcounter=\count129
\scratchdimen=\dimen127
\scratchbox=\box30
\nofMPsegments=\count130
\nofMParguments=\count131
\everyMPshowfont=\toks29
\MPscratchCnt=\count132
\MPscratchDim=\dimen128
\MPnumerator=\count133
\makeMPintoPDFobject=\count134
\everyMPtoPDFconversion=\toks30
)
*geometry* driver: auto-detecting
*geometry* detected driver: pdftex
*geometry* verbose mode - [ preamble ] result:
* driver: pdftex
* paper: a4paper
* layout: <same size as paper>
* layoutoffset:(h,v)=(0.0pt,0.0pt)
* modes: 
* h-part:(L,W,R)=(56.9055pt, 483.69687pt, 56.9055pt)
* v-part:(T,H,B)=(56.9055pt, 731.23584pt, 56.9055pt)
* \paperwidth=597.50787pt
* \paperheight=845.04684pt
* \textwidth=483.69687pt
* \textheight=731.23584pt
* \oddsidemargin=-15.36449pt
* \evensidemargin=-15.36449pt
* \topmargin=-52.36449pt
* \headheight=12.0pt
* \headsep=25.0pt
* \topskip=12.0pt
* \footskip=30.0pt
* \marginparwidth=35.0pt
* \marginparsep=10.0pt
* \columnsep=10.0pt
* \skip\footins=10.8pt plus 4.0pt minus 2.0pt
* \hoffset=0.0pt
* \voffset=0.0pt
* \mag=1000
* \@twocolumnfalse
* \@twosidefalse
* \@mparswitchfalse
* \@reversemarginfalse
* (1in=72.27pt=25.4mm, 1cm=28.453pt)

<Addons/eigenLibrichiaro.png, id=229, 482.0409pt x 240.6591pt>
File: Addons/eigenLibrichiaro.png Graphic file (type png)
<use Addons/eigenLibrichiaro.png>
Package pdftex.def Info: Addons/eigenLibrichiaro.png  used on input line 44.
(pdftex.def)             Requested size: 250.0pt x 124.81296pt.
<Addons/eigenlabinvertito2.png, id=231, 298.716pt x 210.5466pt>
File: Addons/eigenlabinvertito2.png Graphic file (type png)
<use Addons/eigenlabinvertito2.png>
Package pdftex.def Info: Addons/eigenlabinvertito2.png  used on input line 48.
(pdftex.def)             Requested size: 250.0pt x 176.2154pt.
LaTeX Font Info:    Try loading font information for U+lasy on input line 49.
(/usr/share/texmf-dist/tex/latex/base/ulasy.fd
File: ulasy.fd 1998/08/17 v2.2e LaTeX symbol font definitions
)
LaTeX Font Info:    Try loading font information for U+msa on input line 49.

(/usr/share/texmf-dist/tex/latex/amsfonts/umsa.fd
File: umsa.fd 2013/01/14 v3.01 AMS symbols A
)
LaTeX Font Info:    Try loading font information for U+msb on input line 49.

(/usr/share/texmf-dist/tex/latex/amsfonts/umsb.fd
File: umsb.fd 2013/01/14 v3.01 AMS symbols B
) [1

{/var/lib/texmf/fonts/map/pdftex/updmap/pdftex.map} <./Addons/eigenLibrichiaro.
png> <./Addons/eigenlabinvertito2.png>]
<Addons/88x31.png, id=244, 88.33pt x 31.11626pt>
File: Addons/88x31.png Graphic file (type png)
<use Addons/88x31.png>
Package pdftex.def Info: Addons/88x31.png  used on input line 61.
(pdftex.def)             Requested size: 88.32977pt x 31.11617pt.
LaTeX Font Info:    Try loading font information for OMS+cmr on input line 64.
 (/usr/share/texmf-dist/tex/latex/base/omscmr.fd
File: omscmr.fd 2014/09/29 v2.5h Standard LaTeX font definitions
)
LaTeX Font Info:    Font shape `OMS/cmr/m/n' in size <12> not available
(Font)              Font shape `OMS/cmsy/m/n' tried instead on input line 64.

Underfull \hbox (badness 10000) in paragraph at lines 72--73

 []

pdfTeX warning (ext4): destination with the same identifier (name{page.1}) has 
been already used, duplicate ignored
<to be read again> 
                   \relax 
l.86 
      [1 <./Addons/88x31.png>] (./Analisi 3.toc [2

])
\tf@toc=\write4
\openout4 = `"Analisi 3.toc"'.

 [3]
Capitolo 1.
[4

] [5] [6] [7] [8] [9]

Package hyperref Warning: Token not allowed in a PDF string (PDFDocEncoding):
(hyperref)                removing `math shift' on input line 425.


Package hyperref Warning: Token not allowed in a PDF string (PDFDocEncoding):
(hyperref)                removing `math shift' on input line 425.

[10] [11]
Capitolo 2.

Underfull \hbox (badness 10000) in paragraph at lines 485--487

 []

[12

]
Underfull \hbox (badness 10000) in paragraph at lines 570--571

 []

[13]
Underfull \hbox (badness 10000) in paragraph at lines 597--598

 []

[14]
Overfull \hbox (30.70294pt too wide) in paragraph at lines 669--672
\OT1/cmr/m/n/12 quindi $\OML/cmm/m/it/12 ^^U$ \OT1/cmr/m/n/12 ^^Re au-to-va-lo-
re re-la-ti-vo al-l'au-to-vet-to-re $\OT1/cmr/bx/n/12 v$\OT1/cmr/m/n/12 . Quin-
di le so-lu-zio-ni sa-ran-no del ti-po $\OMS/cmsy/m/n/12 f\OT1/cmr/bx/n/12 v[]\
OML/cmm/m/it/12 e[]; [] ; \OT1/cmr/bx/n/12 v[]\OML/cmm/m/it/12 e[]\OMS/cmsy/m/n
/12 g$\OT1/cmr/m/n/12 .
 []

[15] [16]
Capitolo 3.
[17

]

Package hyperref Warning: Token not allowed in a PDF string (PDFDocEncoding):
(hyperref)                removing `math shift' on input line 769.


Package hyperref Warning: Token not allowed in a PDF string (PDFDocEncoding):
(hyperref)                removing `math shift' on input line 769.

[18]
Capitolo 4.

Underfull \hbox (badness 10000) in paragraph at lines 830--831

 []

[19

] [20] [21]
LaTeX Font Info:    Font shape `U/lasy/b/n' in size <8> not available
(Font)              Font shape `U/lasy/m/n' tried instead on input line 972.
LaTeX Font Info:    Font shape `U/lasy/b/n' in size <6> not available
(Font)              Font shape `U/lasy/m/n' tried instead on input line 972.
 [22] [23]
Underfull \hbox (badness 10000) in paragraph at lines 1094--1095

 []

[24]
Underfull \hbox (badness 10000) in paragraph at lines 1144--1145

 []

[25]
Underfull \hbox (badness 10000) in paragraph at lines 1169--1170

 []

[26] [27] [28] [29] [30] [31] [32]
Capitolo 5.
[33

]
Underfull \hbox (badness 10000) in paragraph at lines 1598--1599

 []

[34]
Underfull \hbox (badness 10000) in paragraph at lines 1631--1632

 []

[35] [36] [37] [38] [39] [40]
Underfull \hbox (badness 10000) in paragraph at lines 1946--1947

 []

[41]
Capitolo 6.

Underfull \hbox (badness 10000) in paragraph at lines 1983--1984

 []

[42

]
Underfull \hbox (badness 10000) in paragraph at lines 2055--2056

 []

[43]
LaTeX Font Info:    Try loading font information for U+euf on input line 2064.
 (/usr/share/texmf-dist/tex/latex/amsfonts/ueuf.fd
File: ueuf.fd 2013/01/14 v3.01 Euler Fraktur
) [44] [45]
Underfull \hbox (badness 10000) in paragraph at lines 2194--2195

 []

[46] [47]
Underfull \hbox (badness 10000) in paragraph at lines 2263--2264

 []

[48] [49]
Overfull \hbox (26.44312pt too wide) in paragraph at lines 2372--2375
\OT1/cmr/m/n/12 dunque ab-bia-mo un ri-co-pri-men-to del com-pat-to $\OML/cmm/m
/it/12 K[]$\OT1/cmr/m/n/12 . Per de-fi-ni-zio-ne di com-pat-tez-za, $\OMS/cmsy/
m/n/12 9\OML/cmm/m/it/12 Q[]; [] ; Q[] \OMS/cmsy/m/n/12 ^^R
 []

[50] [51]
Underfull \hbox (badness 10000) in paragraph at lines 2478--2479

 []

[52]
Underfull \hbox (badness 10000) in paragraph at lines 2498--2499

 []


Underfull \hbox (badness 10000) in paragraph at lines 2528--2529

 []


Underfull \hbox (badness 10000) in paragraph at lines 2537--2538

 []

[53]
Underfull \hbox (badness 10000) in paragraph at lines 2545--2546

 []


Underfull \hbox (badness 10000) in paragraph at lines 2549--2550

 []

[54]
Underfull \hbox (badness 10000) in paragraph at lines 2602--2603

 []


Underfull \hbox (badness 10000) in paragraph at lines 2604--2605

 []


Underfull \hbox (badness 10000) in paragraph at lines 2619--2620

 []

[55]
Overfull \hbox (1.36758pt too wide) in paragraph at lines 2668--2669
[]\OT1/cmr/bx/n/12 Definizione 6.3.3. \OT1/cmr/m/n/12 Si de-fi-ni-sce \OT1/cmr/
m/it/12 mi-ni-mo li-mi-te \OT1/cmr/m/n/12 del-la suc-ces-sio-ne $\OMS/cmsy/m/n/
12 f\OML/cmm/m/it/12 f[]\OMS/cmsy/m/n/12 g$\OT1/cmr/m/n/12 , e si in-di-ca con 
$[] [][]$
 []


Underfull \hbox (badness 10000) in paragraph at lines 2684--2685

 []

[56]
Overfull \hbox (3.04172pt too wide) in paragraph at lines 2727--2728
[]\OT1/cmr/bx/n/12 Proposizione 6.4.2 \OT1/cmr/m/n/12 (Li-nea-rit^^Ra del-l'in-
te-gra-le)\OT1/cmr/bx/n/12 . \OT1/cmr/m/it/12 Sia-no $\OML/cmm/m/it/12 ';  $ \O
T1/cmr/m/it/12 due fun-zio-ni sem-pli-ci. Al-lo-ra, $\OMS/cmsy/m/n/12 8\OML/cmm
/m/it/12 ^^U; ^^V \OMS/cmsy/m/n/12 2
 []

[57]
Underfull \hbox (badness 10000) in paragraph at lines 2790--2791

 []


Underfull \hbox (badness 10000) in paragraph at lines 2797--2798

 []

[58]
Underfull \hbox (badness 10000) in paragraph at lines 2804--2805

 []


Underfull \hbox (badness 10000) in paragraph at lines 2832--2833

 []

[59]
Underfull \hbox (badness 10000) in paragraph at lines 2873--2874

 []

[60]
Underfull \hbox (badness 10000) in paragraph at lines 2885--2886

 []


Underfull \hbox (badness 10000) in paragraph at lines 2894--2895

 []

[61]
Underfull \hbox (badness 10000) in paragraph at lines 2950--2952

 []


Underfull \hbox (badness 10000) in paragraph at lines 2953--2954

 []

[62]
Underfull \hbox (badness 10000) in paragraph at lines 2976--2978

 []

[63] [64]
LaTeX Font Info:    Font shape `OMS/cmr/m/it' in size <12> not available
(Font)              Font shape `OMS/cmsy/m/n' tried instead on input line 3074.

 [65] [66]
Underfull \hbox (badness 10000) in paragraph at lines 3185--3187

 []

[67] [68]
Underfull \hbox (badness 10000) in paragraph at lines 3268--3270

 []

[69]
Underfull \hbox (badness 10000) in paragraph at lines 3330--3331

 []

[70] [71] [72] [73]
Overfull \hbox (28.52068pt too wide) in paragraph at lines 3545--3546
[]\OT1/cmr/bx/n/12 Proposizione 6.11.1. \OT1/cmr/m/it/12 Se $\OML/cmm/m/it/12 E
 \OMS/cmsy/m/n/12 ^^R \U/msb/m/n/12 R[]$ \OT1/cmr/m/it/12 ^^Re mi-su-ra-bi-le e
d $\OML/cmm/m/it/12 E[] \OT1/cmr/m/n/12 = \OMS/cmsy/m/n/12 f\OT1/cmr/m/n/12 (\O
ML/cmm/m/it/12 r; ^^R; '\OT1/cmr/m/n/12 ) \OMS/cmsy/m/n/12 j \OT1/cmr/m/n/12 (\
OML/cmm/m/it/12 r [] ^^R [] '; r [] ^^R [] '; r [] ^^R\OT1/cmr/m/n/12 ) \OMS/cm
sy/m/n/12 2
 []

[74]
Underfull \hbox (badness 10000) in paragraph at lines 3589--3590

 []


Underfull \hbox (badness 10000) in paragraph at lines 3602--3603

 []

[75] [76] [77]
Capitolo 7.
[78

] [79]
Capitolo 8.
[80

]
Underfull \hbox (badness 10000) in paragraph at lines 3812--3813

 []


Underfull \hbox (badness 10000) in paragraph at lines 3824--3825

 []

[81]
Underfull \hbox (badness 10000) in paragraph at lines 3852--3853

 []

[82] [83] [84] [85] [86]
Package atveryend Info: Empty hook `BeforeClearDocument' on input line 4094.
 [87]
Package atveryend Info: Empty hook `AfterLastShipout' on input line 4094.
 (./Analisi 3.aux)
Package atveryend Info: Executing hook `AtVeryEndDocument' on input line 4094.
Package atveryend Info: Executing hook `AtEndAfterFileList' on input line 4094.

Package rerunfilecheck Info: File `"Analisi 3".out' has not changed.
(rerunfilecheck)             Checksum: 3F3AC961E3BC35E2B464731F7D6F194F;4237.


LaTeX Warning: Label(s) may have changed. Rerun to get cross-references right.

Package atveryend Info: Empty hook `AtVeryVeryEnd' on input line 4094.
 ) 
Here is how much of TeX's memory you used:
 8760 strings out of 492616
 121525 string characters out of 6135177
 230662 words of memory out of 5000000
 11489 multiletter control sequences out of 15000+600000
 19409 words of font info for 78 fonts, out of 8000000 for 9000
 1144 hyphenation exceptions out of 8191
 32i,15n,31p,919b,516s stack positions out of 5000i,500n,10000p,200000b,80000s
</usr/share/texmf-dist/fonts/type1/public/amsfonts/cm/cmbx12.pfb></usr/share/
texmf-dist/fonts/type1/public/amsfonts/cm/cmbx6.pfb></usr/share/texmf-dist/font
s/type1/public/amsfonts/cm/cmbx8.pfb></usr/share/texmf-dist/fonts/type1/public/
amsfonts/cm/cmex10.pfb></usr/share/texmf-dist/fonts/type1/public/amsfonts/cm/cm
mi12.pfb></usr/share/texmf-dist/fonts/type1/public/amsfonts/cm/cmmi6.pfb></usr/
share/texmf-dist/fonts/type1/public/amsfonts/cm/cmmi8.pfb></usr/share/texmf-dis
t/fonts/type1/public/amsfonts/cm/cmmib10.pfb></usr/share/texmf-dist/fonts/type1
/public/amsfonts/cm/cmr10.pfb></usr/share/texmf-dist/fonts/type1/public/amsfont
s/cm/cmr12.pfb></usr/share/texmf-dist/fonts/type1/public/amsfonts/cm/cmr17.pfb>
</usr/share/texmf-dist/fonts/type1/public/amsfonts/cm/cmr6.pfb></usr/share/texm
f-dist/fonts/type1/public/amsfonts/cm/cmr8.pfb></usr/share/texmf-dist/fonts/typ
e1/public/amsfonts/cm/cmsy10.pfb></usr/share/texmf-dist/fonts/type1/public/amsf
onts/cm/cmsy6.pfb></usr/share/texmf-dist/fonts/type1/public/amsfonts/cm/cmsy8.p
fb></usr/share/texmf-dist/fonts/type1/public/amsfonts/cm/cmti12.pfb></usr/share
/texmf-dist/fonts/type1/public/amsfonts/cm/cmtt12.pfb></usr/share/texmf-dist/fo
nts/type1/public/amsfonts/euler/eufm10.pfb></usr/share/texmf-dist/fonts/type1/p
ublic/amsfonts/symbols/msbm10.pfb>
Output written on "Analisi 3.pdf" (88 pages, 794298 bytes).
PDF statistics:
 1911 PDF objects out of 2073 (max. 8388607)
 1777 compressed objects within 18 object streams
 1061 named destinations out of 1200 (max. 500000)
 464 words of extra memory for PDF output out of 10000 (max. 10000000)

