\BOOKMARK [1][-]{section.1}{Seconda Quantizzazione}{}% 1
\BOOKMARK [2][-]{subsection.1.1}{Propagazione del suono \(classica\)}{section.1}% 2
\BOOKMARK [2][-]{subsection.1.2}{Propagazione del suono \(quantistica\)}{section.1}% 3
\BOOKMARK [1][-]{section.2}{Path integral}{}% 4
\BOOKMARK [2][-]{subsection.2.1}{Path integral \040Meccanica Statistica}{section.2}% 5
\BOOKMARK [2][-]{subsection.2.2}{Matrice densit\340}{section.2}% 6
\BOOKMARK [2][-]{subsection.2.3}{Propriet\340 generali del path integral}{section.2}% 7
\BOOKMARK [2][-]{subsection.2.4}{Funzionali generatori}{section.2}% 8
\BOOKMARK [2][-]{subsection.2.5}{Azione efficace}{section.2}% 9
\BOOKMARK [2][-]{subsection.2.6}{Approssimazione semiclassica}{section.2}% 10
\BOOKMARK [1][-]{section.3}{Path integral e teoria delle perturbazioni}{}% 11
\BOOKMARK [2][-]{subsection.3.1}{Approssimazione semiclassica - II}{section.3}% 12
\BOOKMARK [2][-]{subsection.3.2}{Ordine }{section.3}% 13
\BOOKMARK [1][-]{section.4}{Path integral in teoria fermionica}{}% 14
\BOOKMARK [2][-]{subsection.4.1}{Stati coerenti bosonici}{section.4}% 15
\BOOKMARK [2][-]{subsection.4.2}{Stati coerenti fermionici}{section.4}% 16
\BOOKMARK [2][-]{subsection.4.3}{Path integral}{section.4}% 17
\BOOKMARK [1][-]{section.5}{Rinormalizzazione}{}% 18
\BOOKMARK [2][-]{subsection.5.1}{Divergenze nella teoria delle perturbazioni}{section.5}% 19
\BOOKMARK [2][-]{subsection.5.2}{Modello 3}{section.5}% 20
\BOOKMARK [2][-]{subsection.5.3}{QED}{section.5}% 21
\BOOKMARK [2][-]{subsection.5.4}{Regolarizzazione}{section.5}% 22
\BOOKMARK [2][-]{subsection.5.5}{Rinormalizzazione della teoria 4}{section.5}% 23
\BOOKMARK [2][-]{subsection.5.6}{RGE per una teoria scalare massless}{section.5}% 24
\BOOKMARK [1][-]{section.6}{Rottura spontanea di simmetria}{}% 25
\BOOKMARK [2][-]{subsection.6.1}{Simmetrie}{section.6}% 26
\BOOKMARK [1][-]{section.7}{Rinormalizzazione in QED - II}{}% 27
\BOOKMARK [2][-]{subsection.7.1}{Regolarizzazione tramite introduzione di parametri fisici \(accenno\)}{section.7}% 28
\BOOKMARK [2][-]{subsection.7.2}{Identit\340 di Ward-Takashi}{section.7}% 29
\BOOKMARK [2][-]{subsection.7.3}{Calcolo della funzione \040per la QED a un loop}{section.7}% 30
\BOOKMARK [2][-]{subsection.7.4}{Vacuum Polarization}{section.7}% 31
\BOOKMARK [1][-]{section.8}{Meccanismo di Higgs abeliano}{}% 32
\BOOKMARK [1][-]{section.9}{Teorie di gauge non abeliane}{}% 33
\BOOKMARK [2][-]{subsection.9.1}{Principio di gauge}{section.9}% 34
\BOOKMARK [2][-]{subsection.9.2}{Meccanismo di Higgs non abeliano}{section.9}% 35
\BOOKMARK [2][-]{subsection.9.3}{Quantizzazione di teorie di gauge non abeliane}{section.9}% 36
\BOOKMARK [2][-]{subsection.9.4}{QCD}{section.9}% 37
\BOOKMARK [2][-]{subsection.9.5}{Rinormalizzazione in QCD}{section.9}% 38
\BOOKMARK [1][-]{section.10}{Modello Standard \(settore elettrodebole\)}{}% 39
\BOOKMARK [2][-]{subsection.10.1}{Termini non rinormalizzabili \(QED\)}{section.10}% 40
\BOOKMARK [1][-]{section.11}{Gruppo di rinormalizzazione "alla Wilson"}{}% 41
\BOOKMARK [2][-]{subsection.11.1}{Ipotesi di scaling}{section.11}% 42
\BOOKMARK [2][-]{subsection.11.2}{Teoria di Landau}{section.11}% 43
\BOOKMARK [2][-]{subsection.11.3}{Prima approssimazione: teoria gaussiana}{section.11}% 44
\BOOKMARK [2][-]{subsection.11.4}{Teoria quartica}{section.11}% 45
\BOOKMARK [1][-]{appendix.Alph1}{Rottura spontanea di simmetria in MQ}{}% 46
