\BOOKMARK [1][-]{section.1}{SU\(N\)}{}% 1
\BOOKMARK [2][-]{subsection.1.1}{Rappresentazione aggiunta di SU\(N\)}{section.1}% 2
\BOOKMARK [2][-]{subsection.1.2}{Secondo operatore di Casimir per SU\(3\)}{section.1}% 3
\BOOKMARK [2][-]{subsection.1.3}{Indice di Dynkin}{section.1}% 4
\BOOKMARK [1][-]{section.2}{Rappresentazioni irriducibili di SU\(3\)}{}% 5
\BOOKMARK [2][-]{subsection.2.1}{Richiamo: rappresentazioni irriducibili di SU\(2\)}{section.2}% 6
\BOOKMARK [2][-]{subsection.2.2}{Multipletti di spin isotopico}{section.2}% 7
\BOOKMARK [2][-]{subsection.2.3}{Rappresentazione complessa coniugata in SU\(N\)}{section.2}% 8
\BOOKMARK [1][-]{section.3}{Prodotto diretto di rappresentazioni irriducibili di SU\(3\)}{}% 9
\BOOKMARK [2][-]{subsection.3.1}{Metodo tensoriale}{section.3}% 10
\BOOKMARK [2][-]{subsection.3.2}{Riduzione di un tensore di rango \(p,q\)}{section.3}% 11
\BOOKMARK [2][-]{subsection.3.3}{Decomposizione del prodotto diretto con il metodo tensoriale}{section.3}% 12
\BOOKMARK [1][-]{section.4}{Modello a quarks}{}% 13
\BOOKMARK [2][-]{subsection.4.1}{Evidenze sperimentali \(indirette\) del numero quantico di colore}{section.4}% 14
\BOOKMARK [1][-]{section.5}{Teoria di campo quantistica per i quarks \(QCD\)}{}% 15
\BOOKMARK [2][-]{subsection.5.1}{Trasporto parallelo}{section.5}% 16
\BOOKMARK [2][-]{subsection.5.2}{Campi di gauge}{section.5}% 17
\BOOKMARK [2][-]{subsection.5.3}{Lagrangiana della Cromodinamica}{section.5}% 18
\BOOKMARK [1][-]{section.6}{Feynman path integral}{}% 19
\BOOKMARK [2][-]{subsection.6.1}{Path integral in QFT \(teoria bosonica\)}{section.6}% 20
\BOOKMARK [2][-]{subsection.6.2}{Path integral in QFT \(teoria fermionica\)}{section.6}% 21
\BOOKMARK [2][-]{subsection.6.3}{Quantizzazione di una teoria di gauge}{section.6}% 22
\BOOKMARK [2][-]{subsection.6.4}{Metodo di Faddeev-Popov}{section.6}% 23
\BOOKMARK [1][-]{section.7}{Regole di Feynmann per la QCD}{}% 24
\BOOKMARK [2][-]{subsection.7.1}{Propagatori}{section.7}% 25
\BOOKMARK [2][-]{subsection.7.2}{Termini di interazione}{section.7}% 26
\BOOKMARK [1][-]{section.8}{Teoria delle perturbazioni rinormalizzata}{}% 27
\BOOKMARK [2][-]{subsection.8.1}{Regolarizzazione}{section.8}% 28
\BOOKMARK [2][-]{subsection.8.2}{Rinormalizzazione della QCD a 1 loop nello schema "Minimal Subtraction"}{section.8}% 29
\BOOKMARK [2][-]{subsection.8.3}{A 2 loop}{section.8}% 30
\BOOKMARK [2][-]{subsection.8.4}{Funzione \040a 1 loop}{section.8}% 31
\BOOKMARK [1][-]{section.9}{Formulazione euclidea di una teoria di campo}{}% 32
\BOOKMARK [2][-]{subsection.9.1}{Formulazione euclidea della QCD}{section.9}% 33
\BOOKMARK [2][-]{subsection.9.2}{Funzione di partizione statistica Z\(\)}{section.9}% 34
\BOOKMARK [1][-]{section.10}{Formulazione su reticolo}{}% 35
\BOOKMARK [2][-]{subsection.10.1}{Formulazione euclidea}{section.10}% 36
\BOOKMARK [2][-]{subsection.10.2}{Limite continuo}{section.10}% 37
\BOOKMARK [1][-]{section.11}{Potenziale qq e qq nel limite statico}{}% 38
\BOOKMARK [2][-]{subsection.11.1}{Approccio perturbativo}{section.11}% 39
\BOOKMARK [2][-]{subsection.11.2}{Approccio non perturbativo}{section.11}% 40
\BOOKMARK [1][-]{section.12}{Simmetrie di flavor: SU\(2\) e SU\(3\)}{}% 41
\BOOKMARK [1][-]{section.13}{Simmetrie chirali}{}% 42
\BOOKMARK [1][-]{section.14}{Simmetrie in MQ}{}% 43
\BOOKMARK [2][-]{subsection.14.1}{Realizzazione "alla Wigner-Weyl" \("simmetria esatta"\)}{section.14}% 44
\BOOKMARK [1][-]{section.15}{Rottura spontanea della simmetria}{}% 45
\BOOKMARK [2][-]{subsection.15.1}{Parametro d'ordine per la QCD}{section.15}% 46
\BOOKMARK [2][-]{subsection.15.2}{Modello sigma di Gell-Mann e Levy}{section.15}% 47
\BOOKMARK [2][-]{subsection.15.3}{Decomposizione polare e modello sigma non lineare}{section.15}% 48
\BOOKMARK [2][-]{subsection.15.4}{Lagrangiana chirale efficace}{section.15}% 49
\BOOKMARK [1][-]{section.16}{Rottura esplicita della simmetria chirale}{}% 50
\BOOKMARK [2][-]{subsection.16.1}{Caso L=2}{section.16}% 51
\BOOKMARK [2][-]{subsection.16.2}{Diffusione pione-pione}{section.16}% 52
\BOOKMARK [2][-]{subsection.16.3}{Caso L=3}{section.16}% 53
\BOOKMARK [2][-]{subsection.16.4}{Correzioni elettromagnetiche alle masse}{section.16}% 54
\BOOKMARK [1][-]{section.17}{Simmetria U\(1\)A}{}% 55
\BOOKMARK [1][-]{section.18}{Simmetrie anomale e non anomale}{}% 56
\BOOKMARK [2][-]{subsection.18.1}{Anomalia abeliana \(simmetria chirale \046 teoria di gauge non chirale\)}{section.18}% 57
\BOOKMARK [2][-]{subsection.18.2}{Regolarizzazione gauge-invariante dell'anomalia}{section.18}% 58
\BOOKMARK [2][-]{subsection.18.3}{Passaggio da teoria fondamentale a teoria efficace}{section.18}% 59
\BOOKMARK [1][-]{section.19}{Esoterismo e pratiche occulte}{}% 60
\BOOKMARK [2][-]{subsection.19.1}{Limite di grandi Nc \(Nc\)}{section.19}% 61
\BOOKMARK [2][-]{subsection.19.2}{Problema U\(1\) nel limite Nc \(Witten, 1979\)}{section.19}% 62
\BOOKMARK [2][-]{subsection.19.3}{Lagrangiana efficace di Witten-Di Vecchia-Veneziano}{section.19}% 63
\BOOKMARK [2][-]{subsection.19.4}{Istantoni}{section.19}% 64
\BOOKMARK [2][-]{subsection.19.5}{Termine }{section.19}% 65
\BOOKMARK [2][-]{subsection.19.6}{Modello di Peccei-Quinn}{section.19}% 66
